#
# There is insufficient memory for the Java Runtime Environment to continue.
# Native memory allocation (malloc) failed to allocate 1213456 bytes for Chunk::new
# Possible reasons:
#   The system is out of physical RAM or swap space
#   The process is running with CompressedOops enabled, and the Java Heap may be blocking the growth of the native heap
# Possible solutions:
#   Reduce memory load on the system
#   Increase physical memory or swap space
#   Check if swap backing store is full
#   Decrease Java heap size (-Xmx/-Xms)
#   Decrease number of Java threads
#   Decrease Java thread stack sizes (-Xss)
#   Set larger code cache with -XX:ReservedCodeCacheSize=
#   JVM is running with Unscaled Compressed Oops mode in which the Java heap is
#     placed in the first 4GB address space. The Java Heap base address is the
#     maximum limit for the native heap growth. Please use -XX:HeapBaseMinAddress
#     to set the Java Heap base and to place the Java Heap above 4GB virtual address.
# This output file may be truncated or incomplete.
#
#  Out of Memory Error (./src/hotspot/share/memory/arena.cpp:197), pid=4192, tid=3068
#
# JRE version: OpenJDK Runtime Environment (11.0.11+9) (build 11.0.11+9-b60-7590822)
# Java VM: OpenJDK 64-Bit Server VM (11.0.11+9-b60-7590822, mixed mode, tiered, compressed oops, g1 gc, windows-amd64)
# No core dump will be written. Minidumps are not enabled by default on client versions of Windows
#

---------------  S U M M A R Y ------------

Command Line: --add-opens=java.base/java.util=ALL-UNNAMED --add-opens=java.base/java.lang=ALL-UNNAMED --add-opens=java.base/java.lang.invoke=ALL-UNNAMED --add-opens=java.base/java.util=ALL-UNNAMED --add-opens=java.prefs/java.util.prefs=ALL-UNNAMED --add-opens=java.prefs/java.util.prefs=ALL-UNNAMED --add-opens=java.base/java.nio.charset=ALL-UNNAMED --add-opens=java.base/java.net=ALL-UNNAMED --add-opens=java.base/java.util.concurrent.atomic=ALL-UNNAMED -Xmx2048m -Dfile.encoding=UTF-8 -Duser.country=US -Duser.language=en -Duser.variant org.gradle.launcher.daemon.bootstrap.GradleDaemon 7.2

Host: Intel(R) Core(TM) i5-3340M CPU @ 2.70GHz, 4 cores, 3G,  Windows 10 , 64 bit Build 19041 (10.0.19041.1202)
Time: Thu Mar  3 17:25:45 2022 Central America Standard Time elapsed time: 39.671219 seconds (0d 0h 0m 39s)

---------------  T H R E A D  ---------------

Current thread (0x0000018298e22000):  JavaThread "C2 CompilerThread0" daemon [_thread_in_native, id=3068, stack(0x000000215fe00000,0x000000215ff00000)]


Current CompileTask:
C2:  39671 12614 %     4       com.android.tools.r8.dex.r::a @ 315 (1038 bytes)

Stack: [0x000000215fe00000,0x000000215ff00000]
Native frames: (J=compiled Java code, j=interpreted, Vv=VM code, C=native code)
V  [jvm.dll+0x5f214a]
V  [jvm.dll+0x726fb5]
V  [jvm.dll+0x7285cd]
V  [jvm.dll+0x728c83]
V  [jvm.dll+0x243278]
V  [jvm.dll+0xbc53c]
V  [jvm.dll+0xbca3c]
V  [jvm.dll+0x2b5c34]
V  [jvm.dll+0x508488]
V  [jvm.dll+0x203d53]
V  [jvm.dll+0x1fdbac]
V  [jvm.dll+0x1fb35f]
V  [jvm.dll+0x183d6c]
V  [jvm.dll+0x209a57]
V  [jvm.dll+0x2082a1]
V  [jvm.dll+0x6ef58f]
V  [jvm.dll+0x6e80b5]
V  [jvm.dll+0x5f1036]
C  [ucrtbase.dll+0x21bb2]
C  [KERNEL32.DLL+0x17034]
C  [ntdll.dll+0x52651]


---------------  P R O C E S S  ---------------

Threads class SMR info:
_java_thread_list=0x000001829f8cab80, length=96, elements={
0x00000182ff13f000, 0x0000018298dc0800, 0x0000018298dca000, 0x0000018298e1b000,
0x0000018298e1d000, 0x0000018298e1f000, 0x0000018298e22000, 0x0000018298e28800,
0x0000018298e33800, 0x000001829989d000, 0x000001829aff9800, 0x000001829abb9800,
0x000001829b445000, 0x000001829aba8800, 0x000001829b089000, 0x000001829b584800,
0x000001829ba65000, 0x000001829aed2800, 0x000001829a8e9800, 0x000001829a2a6800,
0x000001829a2a9800, 0x000001829a2a5000, 0x000001829a2aa800, 0x000001829a2ab800,
0x000001829a2a5800, 0x000001829a2a7800, 0x000001829a2a8000, 0x000001829a2a9000,
0x000001829c403000, 0x000001829c403800, 0x000001829c404800, 0x000001829c406000,
0x000001829c401000, 0x000001829c40a000, 0x000001829c40b000, 0x000001829c405000,
0x000001829c40c000, 0x000001829c40c800, 0x000001829c40d800, 0x000001829c407800,
0x000001829c40e000, 0x000001829c408800, 0x000001829c40f000, 0x000001829c409800,
0x000001829c410000, 0x000001829e350000, 0x000001829e350800, 0x000001829e351800,
0x000001829e34c000, 0x000001829e352800, 0x000001829e34c800, 0x000001829e353000,
0x000001829e34e000, 0x000001829e34d800, 0x000001829e354000, 0x000001829e355000,
0x000001829e34f000, 0x000001829e356800, 0x000001829e359800, 0x000001829e358000,
0x000001829e35a800, 0x000001829e355800, 0x000001829e357000, 0x000001829e359000,
0x000001829e338800, 0x000001829e336000, 0x000001829e339000, 0x000001829e334800,
0x000001829e33b000, 0x000001829e33a000, 0x000001829e335000, 0x000001829e33b800,
0x000001829e33c800, 0x000001829e337800, 0x000001829e336800, 0x000001829e342000,
0x000001829e340800, 0x000001829e343000, 0x000001829e33d800, 0x000001829e33e000,
0x000001829e33f800, 0x000001829e33f000, 0x000001829e341800, 0x000001829a31e000,
0x000001829a322000, 0x000001829a31d800, 0x000001829a320800, 0x000001829a321800,
0x000001829a320000, 0x000001829a323000, 0x000001829a31f000, 0x000001829a326800,
0x000001829a325800, 0x000001829a327000, 0x000001829a328000, 0x000001829a329000
}

Java Threads: ( => current thread )
  0x00000182ff13f000 JavaThread "main" [_thread_blocked, id=10448, stack(0x000000215f200000,0x000000215f300000)]
  0x0000018298dc0800 JavaThread "Reference Handler" daemon [_thread_blocked, id=12188, stack(0x000000215f900000,0x000000215fa00000)]
  0x0000018298dca000 JavaThread "Finalizer" daemon [_thread_blocked, id=16092, stack(0x000000215fa00000,0x000000215fb00000)]
  0x0000018298e1b000 JavaThread "Signal Dispatcher" daemon [_thread_blocked, id=8064, stack(0x000000215fb00000,0x000000215fc00000)]
  0x0000018298e1d000 JavaThread "Attach Listener" daemon [_thread_blocked, id=15008, stack(0x000000215fc00000,0x000000215fd00000)]
  0x0000018298e1f000 JavaThread "Service Thread" daemon [_thread_blocked, id=14888, stack(0x000000215fd00000,0x000000215fe00000)]
=>0x0000018298e22000 JavaThread "C2 CompilerThread0" daemon [_thread_in_native, id=3068, stack(0x000000215fe00000,0x000000215ff00000)]
  0x0000018298e28800 JavaThread "C1 CompilerThread0" daemon [_thread_blocked, id=16176, stack(0x000000215ff00000,0x0000002160000000)]
  0x0000018298e33800 JavaThread "Sweeper thread" daemon [_thread_blocked, id=9956, stack(0x0000002160000000,0x0000002160100000)]
  0x000001829989d000 JavaThread "Common-Cleaner" daemon [_thread_blocked, id=8404, stack(0x0000002160100000,0x0000002160200000)]
  0x000001829aff9800 JavaThread "Daemon health stats" [_thread_blocked, id=6436, stack(0x0000002160400000,0x0000002160500000)]
  0x000001829abb9800 JavaThread "Incoming local TCP Connector on port 52862" [_thread_in_native, id=4152, stack(0x0000002160500000,0x0000002160600000)]
  0x000001829b445000 JavaThread "Daemon periodic checks" [_thread_blocked, id=1088, stack(0x0000002160600000,0x0000002160700000)]
  0x000001829aba8800 JavaThread "Daemon" [_thread_blocked, id=2180, stack(0x0000002160700000,0x0000002160800000)]
  0x000001829b089000 JavaThread "Handler for socket connection from /127.0.0.1:52862 to /127.0.0.1:52863" [_thread_in_native, id=7016, stack(0x0000002160800000,0x0000002160900000)]
  0x000001829b584800 JavaThread "Cancel handler" [_thread_blocked, id=18120, stack(0x0000002160900000,0x0000002160a00000)]
  0x000001829ba65000 JavaThread "Daemon worker" [_thread_blocked, id=5912, stack(0x0000002160a00000,0x0000002160b00000)]
  0x000001829aed2800 JavaThread "Asynchronous log dispatcher for DefaultDaemonConnection: socket connection from /127.0.0.1:52862 to /127.0.0.1:52863" [_thread_blocked, id=15840, stack(0x0000002160b00000,0x0000002160c00000)]
  0x000001829a8e9800 JavaThread "Stdin handler" [_thread_blocked, id=836, stack(0x0000002160c00000,0x0000002160d00000)]
  0x000001829a2a6800 JavaThread "Daemon client event forwarder" [_thread_blocked, id=15304, stack(0x0000002160d00000,0x0000002160e00000)]
  0x000001829a2a9800 JavaThread "Cache worker for journal cache (C:\Users\Paris\.gradle\caches\journal-1)" [_thread_blocked, id=18428, stack(0x0000002161000000,0x0000002161100000)]
  0x000001829a2a5000 JavaThread "File lock request listener" [_thread_in_native, id=8152, stack(0x0000002161100000,0x0000002161200000)]
  0x000001829a2aa800 JavaThread "Cache worker for file hash cache (C:\Users\Paris\.gradle\caches\7.2\fileHashes)" [_thread_blocked, id=14184, stack(0x0000002161200000,0x0000002161300000)]
  0x000001829a2ab800 JavaThread "Cache worker for file hash cache (C:\Git Repos\SPLICEApp\Android Application\.gradle\7.2\fileHashes)" [_thread_blocked, id=12380, stack(0x0000002161300000,0x0000002161400000)]
  0x000001829a2a5800 JavaThread "File watcher server" daemon [_thread_in_native, id=13416, stack(0x0000002161400000,0x0000002161500000)]
  0x000001829a2a7800 JavaThread "File watcher consumer" daemon [_thread_blocked, id=15040, stack(0x0000002161500000,0x0000002161600000)]
  0x000001829a2a8000 JavaThread "Cache worker for checksums cache (C:\Git Repos\SPLICEApp\Android Application\.gradle\checksums)" [_thread_blocked, id=7940, stack(0x0000002161600000,0x0000002161700000)]
  0x000001829a2a9000 JavaThread "Cache worker for cache directory md-supplier (C:\Users\Paris\.gradle\caches\7.2\md-supplier)" [_thread_blocked, id=12036, stack(0x0000002161700000,0x0000002161800000)]
  0x000001829c403000 JavaThread "Cache worker for cache directory md-rule (C:\Users\Paris\.gradle\caches\7.2\md-rule)" [_thread_blocked, id=10964, stack(0x0000002161800000,0x0000002161900000)]
  0x000001829c403800 JavaThread "Cache worker for execution history cache (C:\Users\Paris\.gradle\caches\7.2\executionHistory)" [_thread_blocked, id=18164, stack(0x0000002161900000,0x0000002161a00000)]
  0x000001829c404800 JavaThread "jar transforms" [_thread_blocked, id=2572, stack(0x0000002161a00000,0x0000002161b00000)]
  0x000001829c406000 JavaThread "jar transforms Thread 2" [_thread_blocked, id=13676, stack(0x0000002161b00000,0x0000002161c00000)]
  0x000001829c401000 JavaThread "Cache worker for file content cache (C:\Users\Paris\.gradle\caches\7.2\fileContent)" [_thread_blocked, id=4804, stack(0x0000002161c00000,0x0000002161d00000)]
  0x000001829c40a000 JavaThread "Cache worker for dependencies-accessors (C:\Git Repos\SPLICEApp\Android Application\.gradle\7.2\dependencies-accessors)" [_thread_blocked, id=17456, stack(0x0000002161d00000,0x0000002161e00000)]
  0x000001829c40b000 JavaThread "jar transforms Thread 3" [_thread_blocked, id=10904, stack(0x0000002161e00000,0x0000002161f00000)]
  0x000001829c405000 JavaThread "Cache worker for Build Output Cleanup Cache (C:\Git Repos\SPLICEApp\Android Application\.gradle\buildOutputCleanup)" [_thread_blocked, id=18144, stack(0x0000002161f00000,0x0000002162000000)]
  0x000001829c40c000 JavaThread "Unconstrained build operations" [_thread_blocked, id=10868, stack(0x0000002162000000,0x0000002162100000)]
  0x000001829c40c800 JavaThread "Unconstrained build operations Thread 2" [_thread_blocked, id=2364, stack(0x0000002162100000,0x0000002162200000)]
  0x000001829c40d800 JavaThread "Unconstrained build operations Thread 3" [_thread_blocked, id=16488, stack(0x0000002162200000,0x0000002162300000)]
  0x000001829c407800 JavaThread "Unconstrained build operations Thread 4" [_thread_blocked, id=5448, stack(0x0000002162300000,0x0000002162400000)]
  0x000001829c40e000 JavaThread "Unconstrained build operations Thread 5" [_thread_blocked, id=1616, stack(0x0000002162400000,0x0000002162500000)]
  0x000001829c408800 JavaThread "Unconstrained build operations Thread 6" [_thread_blocked, id=17604, stack(0x0000002162500000,0x0000002162600000)]
  0x000001829c40f000 JavaThread "Unconstrained build operations Thread 7" [_thread_blocked, id=496, stack(0x0000002162600000,0x0000002162700000)]
  0x000001829c409800 JavaThread "Unconstrained build operations Thread 8" [_thread_blocked, id=4352, stack(0x0000002162700000,0x0000002162800000)]
  0x000001829c410000 JavaThread "Unconstrained build operations Thread 9" [_thread_blocked, id=17788, stack(0x0000002162800000,0x0000002162900000)]
  0x000001829e350000 JavaThread "Unconstrained build operations Thread 10" [_thread_blocked, id=10812, stack(0x0000002162900000,0x0000002162a00000)]
  0x000001829e350800 JavaThread "Unconstrained build operations Thread 11" [_thread_blocked, id=15928, stack(0x0000002162a00000,0x0000002162b00000)]
  0x000001829e351800 JavaThread "Unconstrained build operations Thread 12" [_thread_blocked, id=3036, stack(0x0000002162b00000,0x0000002162c00000)]
  0x000001829e34c000 JavaThread "Unconstrained build operations Thread 13" [_thread_blocked, id=16656, stack(0x0000002162c00000,0x0000002162d00000)]
  0x000001829e352800 JavaThread "Unconstrained build operations Thread 14" [_thread_blocked, id=17928, stack(0x0000002162d00000,0x0000002162e00000)]
  0x000001829e34c800 JavaThread "Unconstrained build operations Thread 15" [_thread_blocked, id=15452, stack(0x0000002162e00000,0x0000002162f00000)]
  0x000001829e353000 JavaThread "Unconstrained build operations Thread 16" [_thread_blocked, id=7808, stack(0x0000002162f00000,0x0000002163000000)]
  0x000001829e34e000 JavaThread "Unconstrained build operations Thread 17" [_thread_blocked, id=16784, stack(0x0000002163000000,0x0000002163100000)]
  0x000001829e34d800 JavaThread "Unconstrained build operations Thread 18" [_thread_blocked, id=13792, stack(0x0000002163100000,0x0000002163200000)]
  0x000001829e354000 JavaThread "Unconstrained build operations Thread 19" [_thread_blocked, id=10444, stack(0x0000002163200000,0x0000002163300000)]
  0x000001829e355000 JavaThread "Unconstrained build operations Thread 20" [_thread_blocked, id=5328, stack(0x0000002163300000,0x0000002163400000)]
  0x000001829e34f000 JavaThread "Unconstrained build operations Thread 21" [_thread_blocked, id=8088, stack(0x0000002163400000,0x0000002163500000)]
  0x000001829e356800 JavaThread "Unconstrained build operations Thread 22" [_thread_blocked, id=15116, stack(0x0000002163500000,0x0000002163600000)]
  0x000001829e359800 JavaThread "Unconstrained build operations Thread 23" [_thread_blocked, id=15796, stack(0x0000002163600000,0x0000002163700000)]
  0x000001829e358000 JavaThread "Unconstrained build operations Thread 24" [_thread_blocked, id=18148, stack(0x0000002163700000,0x0000002163800000)]
  0x000001829e35a800 JavaThread "Unconstrained build operations Thread 25" [_thread_blocked, id=2440, stack(0x0000002163800000,0x0000002163900000)]
  0x000001829e355800 JavaThread "Unconstrained build operations Thread 26" [_thread_blocked, id=8452, stack(0x0000002163900000,0x0000002163a00000)]
  0x000001829e357000 JavaThread "Unconstrained build operations Thread 27" [_thread_blocked, id=12736, stack(0x0000002163a00000,0x0000002163b00000)]
  0x000001829e359000 JavaThread "Unconstrained build operations Thread 28" [_thread_blocked, id=16652, stack(0x0000002163b00000,0x0000002163c00000)]
  0x000001829e338800 JavaThread "Unconstrained build operations Thread 29" [_thread_blocked, id=4248, stack(0x0000002163c00000,0x0000002163d00000)]
  0x000001829e336000 JavaThread "Unconstrained build operations Thread 30" [_thread_blocked, id=912, stack(0x0000002163d00000,0x0000002163e00000)]
  0x000001829e339000 JavaThread "Unconstrained build operations Thread 31" [_thread_blocked, id=6240, stack(0x0000002163e00000,0x0000002163f00000)]
  0x000001829e334800 JavaThread "Unconstrained build operations Thread 32" [_thread_blocked, id=18404, stack(0x0000002163f00000,0x0000002164000000)]
  0x000001829e33b000 JavaThread "Unconstrained build operations Thread 33" [_thread_blocked, id=4020, stack(0x0000002164000000,0x0000002164100000)]
  0x000001829e33a000 JavaThread "Unconstrained build operations Thread 34" [_thread_blocked, id=5040, stack(0x0000002164100000,0x0000002164200000)]
  0x000001829e335000 JavaThread "Unconstrained build operations Thread 35" [_thread_blocked, id=3632, stack(0x0000002164200000,0x0000002164300000)]
  0x000001829e33b800 JavaThread "Unconstrained build operations Thread 36" [_thread_blocked, id=16444, stack(0x0000002164300000,0x0000002164400000)]
  0x000001829e33c800 JavaThread "Unconstrained build operations Thread 37" [_thread_blocked, id=11776, stack(0x0000002164400000,0x0000002164500000)]
  0x000001829e337800 JavaThread "Unconstrained build operations Thread 38" [_thread_blocked, id=4936, stack(0x0000002164500000,0x0000002164600000)]
  0x000001829e336800 JavaThread "Unconstrained build operations Thread 39" [_thread_blocked, id=6616, stack(0x0000002164600000,0x0000002164700000)]
  0x000001829e342000 JavaThread "Unconstrained build operations Thread 40" [_thread_blocked, id=17444, stack(0x0000002164700000,0x0000002164800000)]
  0x000001829e340800 JavaThread "jar transforms Thread 4" [_thread_blocked, id=9540, stack(0x0000002164800000,0x0000002164900000)]
  0x000001829e343000 JavaThread "Memory manager" [_thread_blocked, id=11436, stack(0x0000002164900000,0x0000002164a00000)]
  0x000001829e33d800 JavaThread "build event listener" [_thread_blocked, id=11444, stack(0x0000002164a00000,0x0000002164b00000)]
  0x000001829e33e000 JavaThread "Execution worker for ':'" [_thread_blocked, id=11948, stack(0x0000002164b00000,0x0000002164c00000)]
  0x000001829e33f800 JavaThread "Execution worker for ':' Thread 2" [_thread_blocked, id=18060, stack(0x0000002164c00000,0x0000002164d00000)]
  0x000001829e33f000 JavaThread "Execution worker for ':' Thread 3" [_thread_blocked, id=4524, stack(0x0000002164d00000,0x0000002164e00000)]
  0x000001829e341800 JavaThread "Cache worker for execution history cache (C:\Git Repos\SPLICEApp\Android Application\.gradle\7.2\executionHistory)" [_thread_blocked, id=10244, stack(0x0000002164e00000,0x0000002164f00000)]
  0x000001829a31e000 JavaThread "Cache worker for Java compile cache (C:\Users\Paris\.gradle\caches\7.2\javaCompile)" [_thread_blocked, id=10672, stack(0x0000002164f00000,0x0000002165000000)]
  0x000001829a322000 JavaThread "Build operations" [_thread_blocked, id=13388, stack(0x0000002165000000,0x0000002165100000)]
  0x000001829a31d800 JavaThread "Build operations Thread 2" [_thread_blocked, id=15244, stack(0x0000002165100000,0x0000002165200000)]
  0x000001829a320800 JavaThread "Build operations Thread 3" [_thread_blocked, id=11236, stack(0x0000002165200000,0x0000002165300000)]
  0x000001829a321800 JavaThread "Build operations Thread 4" [_thread_blocked, id=11808, stack(0x0000002165300000,0x0000002165400000)]
  0x000001829a320000 JavaThread "WorkerExecutor Queue" [_thread_blocked, id=5376, stack(0x0000002165400000,0x0000002165500000)]
  0x000001829a323000 JavaThread "WorkerExecutor Queue Thread 3" [_thread_in_Java, id=15780, stack(0x0000002165600000,0x0000002165700000)]
  0x000001829a31f000 JavaThread "WorkerExecutor Queue Thread 4" [_thread_blocked, id=4084, stack(0x0000002165700000,0x0000002165800000)]
  0x000001829a326800 JavaThread "WorkerExecutor Queue Thread 6" [_thread_blocked, id=7632, stack(0x0000002165800000,0x0000002165900000)]
  0x000001829a325800 JavaThread "ForkJoinPool-1-worker-3" daemon [_thread_blocked, id=10352, stack(0x0000002165b00000,0x0000002165c00000)]
  0x000001829a327000 JavaThread "ForkJoinPool-1-worker-5" daemon [_thread_blocked, id=17732, stack(0x0000002165c00000,0x0000002165d00000)]
  0x000001829a328000 JavaThread "ForkJoinPool-1-worker-7" daemon [_thread_blocked, id=16216, stack(0x0000002165d00000,0x0000002165e00000)]
  0x000001829a329000 JavaThread "ForkJoinPool-1-worker-1" daemon [_thread_blocked, id=7568, stack(0x0000002165e00000,0x0000002165f00000)]

Other Threads:
  0x0000018298dba000 VMThread "VM Thread" [stack: 0x000000215f800000,0x000000215f900000] [id=13412]
  0x00000182998ad800 WatcherThread [stack: 0x0000002160200000,0x0000002160300000] [id=16140]
  0x00000182ff157000 GCTaskThread "GC Thread#0" [stack: 0x000000215f300000,0x000000215f400000] [id=7456]
  0x0000018299f78000 GCTaskThread "GC Thread#1" [stack: 0x0000002160300000,0x0000002160400000] [id=12512]
  0x000001829a5fc800 GCTaskThread "GC Thread#2" [stack: 0x0000002160e00000,0x0000002160f00000] [id=7608]
  0x000001829a8e1000 GCTaskThread "GC Thread#3" [stack: 0x0000002160f00000,0x0000002161000000] [id=9240]
  0x00000182ff188000 ConcurrentGCThread "G1 Main Marker" [stack: 0x000000215f400000,0x000000215f500000] [id=15356]
  0x00000182ff18a000 ConcurrentGCThread "G1 Conc#0" [stack: 0x000000215f500000,0x000000215f600000] [id=896]
  0x00000182ff1e3000 ConcurrentGCThread "G1 Refine#0" [stack: 0x000000215f600000,0x000000215f700000] [id=4224]
  0x00000182a06b0800 ConcurrentGCThread "G1 Refine#1" [stack: 0x0000002165f00000,0x0000002166000000] [id=12928]
  0x00000182ff1e4000 ConcurrentGCThread "G1 Young RemSet Sampling" [stack: 0x000000215f700000,0x000000215f800000] [id=15232]

Threads with active compile tasks:
C2 CompilerThread0  39759 12614 %     4       com.android.tools.r8.dex.r::a @ 315 (1038 bytes)

VM state:not at safepoint (normal execution)

VM Mutex/Monitor currently owned by a thread: None

Heap address: 0x0000000080000000, size: 2048 MB, Compressed Oops mode: 32-bit
Narrow klass base: 0x0000000000000000, Narrow klass shift: 3
Compressed class space size: 1073741824 Address: 0x0000000100000000

Heap:
 garbage-first heap   total 223232K, used 148757K [0x0000000080000000, 0x0000000100000000)
  region size 1024K, 15 young (15360K), 4 survivors (4096K)
 Metaspace       used 105197K, capacity 108438K, committed 108620K, reserved 1142784K
  class space    used 13912K, capacity 15120K, committed 15180K, reserved 1048576K
Heap Regions: E=young(eden), S=young(survivor), O=old, HS=humongous(starts), HC=humongous(continues), CS=collection set, F=free, A=archive, TAMS=top-at-mark-start (previous, next)
|   0|0x0000000080000000, 0x0000000080100000, 0x0000000080100000|100%| O|  |TAMS 0x0000000080100000, 0x0000000080000000| Untracked 
|   1|0x0000000080100000, 0x0000000080200000, 0x0000000080200000|100%| O|  |TAMS 0x0000000080200000, 0x0000000080100000| Untracked 
|   2|0x0000000080200000, 0x0000000080300000, 0x0000000080300000|100%| O|  |TAMS 0x0000000080300000, 0x0000000080200000| Untracked 
|   3|0x0000000080300000, 0x0000000080400000, 0x0000000080400000|100%|HS|  |TAMS 0x0000000080400000, 0x0000000080300000| Complete 
|   4|0x0000000080400000, 0x0000000080500000, 0x0000000080500000|100%|HC|  |TAMS 0x0000000080500000, 0x0000000080400000| Complete 
|   5|0x0000000080500000, 0x0000000080600000, 0x0000000080600000|100%|HC|  |TAMS 0x0000000080600000, 0x0000000080500000| Complete 
|   6|0x0000000080600000, 0x0000000080700000, 0x0000000080700000|100%| O|  |TAMS 0x0000000080700000, 0x0000000080600000| Untracked 
|   7|0x0000000080700000, 0x0000000080800000, 0x0000000080800000|100%| O|  |TAMS 0x0000000080800000, 0x0000000080700000| Untracked 
|   8|0x0000000080800000, 0x0000000080900000, 0x0000000080900000|100%| O|  |TAMS 0x0000000080900000, 0x0000000080800000| Untracked 
|   9|0x0000000080900000, 0x0000000080a00000, 0x0000000080a00000|100%| O|  |TAMS 0x0000000080a00000, 0x0000000080900000| Untracked 
|  10|0x0000000080a00000, 0x0000000080b00000, 0x0000000080b00000|100%| O|  |TAMS 0x0000000080b00000, 0x0000000080a00000| Untracked 
|  11|0x0000000080b00000, 0x0000000080c00000, 0x0000000080c00000|100%| O|  |TAMS 0x0000000080c00000, 0x0000000080b00000| Untracked 
|  12|0x0000000080c00000, 0x0000000080d00000, 0x0000000080d00000|100%| O|  |TAMS 0x0000000080d00000, 0x0000000080c00000| Untracked 
|  13|0x0000000080d00000, 0x0000000080e00000, 0x0000000080e00000|100%| O|  |TAMS 0x0000000080e00000, 0x0000000080d00000| Untracked 
|  14|0x0000000080e00000, 0x0000000080f00000, 0x0000000080f00000|100%| O|  |TAMS 0x0000000080f00000, 0x0000000080e00000| Untracked 
|  15|0x0000000080f00000, 0x0000000081000000, 0x0000000081000000|100%| O|  |TAMS 0x0000000081000000, 0x0000000080f00000| Untracked 
|  16|0x0000000081000000, 0x0000000081100000, 0x0000000081100000|100%| O|  |TAMS 0x0000000081100000, 0x0000000081000000| Untracked 
|  17|0x0000000081100000, 0x0000000081200000, 0x0000000081200000|100%| O|  |TAMS 0x0000000081200000, 0x0000000081100000| Untracked 
|  18|0x0000000081200000, 0x0000000081300000, 0x0000000081300000|100%| O|  |TAMS 0x0000000081300000, 0x0000000081200000| Untracked 
|  19|0x0000000081300000, 0x0000000081400000, 0x0000000081400000|100%| O|  |TAMS 0x0000000081400000, 0x0000000081300000| Untracked 
|  20|0x0000000081400000, 0x0000000081500000, 0x0000000081500000|100%| O|  |TAMS 0x0000000081500000, 0x0000000081400000| Untracked 
|  21|0x0000000081500000, 0x0000000081600000, 0x0000000081600000|100%| O|  |TAMS 0x0000000081600000, 0x0000000081500000| Untracked 
|  22|0x0000000081600000, 0x0000000081700000, 0x0000000081700000|100%| O|  |TAMS 0x0000000081700000, 0x0000000081600000| Untracked 
|  23|0x0000000081700000, 0x0000000081800000, 0x0000000081800000|100%| O|  |TAMS 0x0000000081800000, 0x0000000081700000| Untracked 
|  24|0x0000000081800000, 0x0000000081900000, 0x0000000081900000|100%| O|  |TAMS 0x0000000081900000, 0x0000000081800000| Untracked 
|  25|0x0000000081900000, 0x0000000081a00000, 0x0000000081a00000|100%| O|  |TAMS 0x0000000081a00000, 0x0000000081900000| Untracked 
|  26|0x0000000081a00000, 0x0000000081b00000, 0x0000000081b00000|100%| O|  |TAMS 0x0000000081b00000, 0x0000000081a00000| Untracked 
|  27|0x0000000081b00000, 0x0000000081c00000, 0x0000000081c00000|100%|HS|  |TAMS 0x0000000081c00000, 0x0000000081b00000| Complete 
|  28|0x0000000081c00000, 0x0000000081d00000, 0x0000000081d00000|100%|HS|  |TAMS 0x0000000081d00000, 0x0000000081c00000| Complete 
|  29|0x0000000081d00000, 0x0000000081e00000, 0x0000000081e00000|100%|HS|  |TAMS 0x0000000081e00000, 0x0000000081d00000| Complete 
|  30|0x0000000081e00000, 0x0000000081f00000, 0x0000000081f00000|100%|HS|  |TAMS 0x0000000081f00000, 0x0000000081e00000| Complete 
|  31|0x0000000081f00000, 0x0000000082000000, 0x0000000082000000|100%|HC|  |TAMS 0x0000000082000000, 0x0000000081f00000| Complete 
|  32|0x0000000082000000, 0x0000000082100000, 0x0000000082100000|100%| O|  |TAMS 0x0000000082100000, 0x0000000082000000| Untracked 
|  33|0x0000000082100000, 0x0000000082200000, 0x0000000082200000|100%| O|  |TAMS 0x0000000082200000, 0x0000000082100000| Untracked 
|  34|0x0000000082200000, 0x0000000082300000, 0x0000000082300000|100%| O|  |TAMS 0x0000000082300000, 0x0000000082200000| Untracked 
|  35|0x0000000082300000, 0x0000000082400000, 0x0000000082400000|100%| O|  |TAMS 0x0000000082400000, 0x0000000082300000| Untracked 
|  36|0x0000000082400000, 0x0000000082500000, 0x0000000082500000|100%| O|  |TAMS 0x0000000082500000, 0x0000000082400000| Untracked 
|  37|0x0000000082500000, 0x0000000082600000, 0x0000000082600000|100%| O|  |TAMS 0x0000000082600000, 0x0000000082500000| Untracked 
|  38|0x0000000082600000, 0x0000000082700000, 0x0000000082700000|100%| O|  |TAMS 0x0000000082700000, 0x0000000082600000| Untracked 
|  39|0x0000000082700000, 0x0000000082800000, 0x0000000082800000|100%| O|  |TAMS 0x0000000082800000, 0x0000000082700000| Untracked 
|  40|0x0000000082800000, 0x0000000082900000, 0x0000000082900000|100%| O|  |TAMS 0x0000000082900000, 0x0000000082800000| Untracked 
|  41|0x0000000082900000, 0x0000000082a00000, 0x0000000082a00000|100%| O|  |TAMS 0x0000000082a00000, 0x0000000082900000| Untracked 
|  42|0x0000000082a00000, 0x0000000082b00000, 0x0000000082b00000|100%| O|  |TAMS 0x0000000082b00000, 0x0000000082a00000| Untracked 
|  43|0x0000000082b00000, 0x0000000082c00000, 0x0000000082c00000|100%| O|  |TAMS 0x0000000082c00000, 0x0000000082b00000| Untracked 
|  44|0x0000000082c00000, 0x0000000082d00000, 0x0000000082d00000|100%| O|  |TAMS 0x0000000082d00000, 0x0000000082c00000| Untracked 
|  45|0x0000000082d00000, 0x0000000082e00000, 0x0000000082e00000|100%| O|  |TAMS 0x0000000082e00000, 0x0000000082d00000| Untracked 
|  46|0x0000000082e00000, 0x0000000082f00000, 0x0000000082f00000|100%| O|  |TAMS 0x0000000082f00000, 0x0000000082e00000| Untracked 
|  47|0x0000000082f00000, 0x0000000083000000, 0x0000000083000000|100%| O|  |TAMS 0x0000000083000000, 0x0000000082f00000| Untracked 
|  48|0x0000000083000000, 0x0000000083100000, 0x0000000083100000|100%| O|  |TAMS 0x0000000083100000, 0x0000000083000000| Untracked 
|  49|0x0000000083100000, 0x0000000083200000, 0x0000000083200000|100%| O|  |TAMS 0x0000000083200000, 0x0000000083100000| Untracked 
|  50|0x0000000083200000, 0x0000000083300000, 0x0000000083300000|100%| O|  |TAMS 0x0000000083300000, 0x0000000083200000| Untracked 
|  51|0x0000000083300000, 0x0000000083400000, 0x0000000083400000|100%| O|  |TAMS 0x0000000083400000, 0x0000000083300000| Untracked 
|  52|0x0000000083400000, 0x0000000083500000, 0x0000000083500000|100%| O|  |TAMS 0x0000000083500000, 0x0000000083400000| Untracked 
|  53|0x0000000083500000, 0x0000000083600000, 0x0000000083600000|100%| O|  |TAMS 0x0000000083600000, 0x0000000083500000| Untracked 
|  54|0x0000000083600000, 0x0000000083700000, 0x0000000083700000|100%| O|  |TAMS 0x0000000083700000, 0x0000000083600000| Untracked 
|  55|0x0000000083700000, 0x0000000083800000, 0x0000000083800000|100%| O|  |TAMS 0x0000000083800000, 0x0000000083700000| Untracked 
|  56|0x0000000083800000, 0x0000000083900000, 0x0000000083900000|100%| O|  |TAMS 0x0000000083900000, 0x0000000083800000| Untracked 
|  57|0x0000000083900000, 0x0000000083a00000, 0x0000000083a00000|100%| O|  |TAMS 0x0000000083a00000, 0x0000000083900000| Untracked 
|  58|0x0000000083a00000, 0x0000000083b00000, 0x0000000083b00000|100%| O|  |TAMS 0x0000000083b00000, 0x0000000083a00000| Untracked 
|  59|0x0000000083b00000, 0x0000000083c00000, 0x0000000083c00000|100%| O|  |TAMS 0x0000000083c00000, 0x0000000083b00000| Untracked 
|  60|0x0000000083c00000, 0x0000000083d00000, 0x0000000083d00000|100%| O|  |TAMS 0x0000000083d00000, 0x0000000083c00000| Untracked 
|  61|0x0000000083d00000, 0x0000000083e00000, 0x0000000083e00000|100%| O|  |TAMS 0x0000000083e00000, 0x0000000083d00000| Untracked 
|  62|0x0000000083e00000, 0x0000000083f00000, 0x0000000083f00000|100%| O|  |TAMS 0x0000000083f00000, 0x0000000083e00000| Untracked 
|  63|0x0000000083f00000, 0x0000000084000000, 0x0000000084000000|100%| O|  |TAMS 0x0000000084000000, 0x0000000083f00000| Untracked 
|  64|0x0000000084000000, 0x0000000084100000, 0x0000000084100000|100%| O|  |TAMS 0x0000000084100000, 0x0000000084000000| Untracked 
|  65|0x0000000084100000, 0x0000000084200000, 0x0000000084200000|100%| O|  |TAMS 0x0000000084200000, 0x0000000084100000| Untracked 
|  66|0x0000000084200000, 0x0000000084300000, 0x0000000084300000|100%| O|  |TAMS 0x0000000084300000, 0x0000000084200000| Untracked 
|  67|0x0000000084300000, 0x0000000084400000, 0x0000000084400000|100%| O|  |TAMS 0x0000000084400000, 0x0000000084300000| Untracked 
|  68|0x0000000084400000, 0x0000000084500000, 0x0000000084500000|100%| O|  |TAMS 0x0000000084500000, 0x0000000084400000| Untracked 
|  69|0x0000000084500000, 0x0000000084600000, 0x0000000084600000|100%| O|  |TAMS 0x0000000084600000, 0x0000000084500000| Untracked 
|  70|0x0000000084600000, 0x0000000084700000, 0x0000000084700000|100%| O|  |TAMS 0x0000000084700000, 0x0000000084600000| Untracked 
|  71|0x0000000084700000, 0x0000000084800000, 0x0000000084800000|100%| O|  |TAMS 0x0000000084800000, 0x0000000084700000| Untracked 
|  72|0x0000000084800000, 0x0000000084900000, 0x0000000084900000|100%| O|  |TAMS 0x0000000084900000, 0x0000000084800000| Untracked 
|  73|0x0000000084900000, 0x0000000084a00000, 0x0000000084a00000|100%| O|  |TAMS 0x0000000084a00000, 0x0000000084900000| Untracked 
|  74|0x0000000084a00000, 0x0000000084b00000, 0x0000000084b00000|100%| O|  |TAMS 0x0000000084b00000, 0x0000000084a00000| Untracked 
|  75|0x0000000084b00000, 0x0000000084c00000, 0x0000000084c00000|100%| O|  |TAMS 0x0000000084c00000, 0x0000000084b00000| Untracked 
|  76|0x0000000084c00000, 0x0000000084d00000, 0x0000000084d00000|100%| O|  |TAMS 0x0000000084d00000, 0x0000000084c00000| Untracked 
|  77|0x0000000084d00000, 0x0000000084e00000, 0x0000000084e00000|100%| O|  |TAMS 0x0000000084e00000, 0x0000000084d00000| Untracked 
|  78|0x0000000084e00000, 0x0000000084f00000, 0x0000000084f00000|100%|HS|  |TAMS 0x0000000084f00000, 0x0000000084e00000| Complete 
|  79|0x0000000084f00000, 0x0000000085000000, 0x0000000085000000|100%|HC|  |TAMS 0x0000000085000000, 0x0000000084f00000| Complete 
|  80|0x0000000085000000, 0x0000000085100000, 0x0000000085100000|100%|HC|  |TAMS 0x0000000085100000, 0x0000000085000000| Complete 
|  81|0x0000000085100000, 0x0000000085200000, 0x0000000085200000|100%|HC|  |TAMS 0x0000000085200000, 0x0000000085100000| Complete 
|  82|0x0000000085200000, 0x0000000085300000, 0x0000000085300000|100%|HC|  |TAMS 0x0000000085300000, 0x0000000085200000| Complete 
|  83|0x0000000085300000, 0x0000000085400000, 0x0000000085400000|100%| O|  |TAMS 0x0000000085400000, 0x0000000085300000| Untracked 
|  84|0x0000000085400000, 0x0000000085500000, 0x0000000085500000|100%| O|  |TAMS 0x0000000085500000, 0x0000000085400000| Untracked 
|  85|0x0000000085500000, 0x0000000085600000, 0x0000000085600000|100%| O|  |TAMS 0x0000000085600000, 0x0000000085500000| Untracked 
|  86|0x0000000085600000, 0x0000000085700000, 0x0000000085700000|100%| O|  |TAMS 0x0000000085700000, 0x0000000085600000| Untracked 
|  87|0x0000000085700000, 0x0000000085800000, 0x0000000085800000|100%| O|  |TAMS 0x0000000085800000, 0x0000000085700000| Untracked 
|  88|0x0000000085800000, 0x0000000085900000, 0x0000000085900000|100%|HS|  |TAMS 0x0000000085900000, 0x0000000085800000| Complete 
|  89|0x0000000085900000, 0x0000000085a00000, 0x0000000085a00000|100%|HC|  |TAMS 0x0000000085a00000, 0x0000000085900000| Complete 
|  90|0x0000000085a00000, 0x0000000085b00000, 0x0000000085b00000|100%|HC|  |TAMS 0x0000000085b00000, 0x0000000085a00000| Complete 
|  91|0x0000000085b00000, 0x0000000085c00000, 0x0000000085c00000|100%|HC|  |TAMS 0x0000000085c00000, 0x0000000085b00000| Complete 
|  92|0x0000000085c00000, 0x0000000085d00000, 0x0000000085d00000|100%|HC|  |TAMS 0x0000000085d00000, 0x0000000085c00000| Complete 
|  93|0x0000000085d00000, 0x0000000085e00000, 0x0000000085e00000|100%| O|  |TAMS 0x0000000085e00000, 0x0000000085d00000| Untracked 
|  94|0x0000000085e00000, 0x0000000085f00000, 0x0000000085f00000|100%| O|  |TAMS 0x0000000085f00000, 0x0000000085e00000| Untracked 
|  95|0x0000000085f00000, 0x0000000086000000, 0x0000000086000000|100%| O|  |TAMS 0x0000000086000000, 0x0000000085f00000| Untracked 
|  96|0x0000000086000000, 0x0000000086100000, 0x0000000086100000|100%| O|  |TAMS 0x0000000086100000, 0x0000000086000000| Untracked 
|  97|0x0000000086100000, 0x0000000086200000, 0x0000000086200000|100%| O|  |TAMS 0x0000000086200000, 0x0000000086100000| Untracked 
|  98|0x0000000086200000, 0x0000000086300000, 0x0000000086300000|100%| O|  |TAMS 0x0000000086300000, 0x0000000086200000| Untracked 
|  99|0x0000000086300000, 0x0000000086400000, 0x0000000086400000|100%| O|  |TAMS 0x0000000086400000, 0x0000000086300000| Untracked 
| 100|0x0000000086400000, 0x0000000086500000, 0x0000000086500000|100%| O|  |TAMS 0x0000000086500000, 0x0000000086400000| Untracked 
| 101|0x0000000086500000, 0x0000000086600000, 0x0000000086600000|100%| O|  |TAMS 0x0000000086500000, 0x0000000086500000| Untracked 
| 102|0x0000000086600000, 0x0000000086700000, 0x0000000086700000|100%| O|  |TAMS 0x0000000086600000, 0x0000000086600000| Untracked 
| 103|0x0000000086700000, 0x0000000086800000, 0x0000000086800000|100%| O|  |TAMS 0x0000000086700000, 0x0000000086700000| Untracked 
| 104|0x0000000086800000, 0x0000000086900000, 0x0000000086900000|100%| O|  |TAMS 0x0000000086800000, 0x0000000086800000| Untracked 
| 105|0x0000000086900000, 0x0000000086a00000, 0x0000000086a00000|100%| O|  |TAMS 0x0000000086900000, 0x0000000086900000| Untracked 
| 106|0x0000000086a00000, 0x0000000086b00000, 0x0000000086b00000|100%| O|  |TAMS 0x0000000086a00000, 0x0000000086a00000| Untracked 
| 107|0x0000000086b00000, 0x0000000086c00000, 0x0000000086c00000|100%| O|  |TAMS 0x0000000086b00000, 0x0000000086b00000| Untracked 
| 108|0x0000000086c00000, 0x0000000086d00000, 0x0000000086d00000|100%| O|  |TAMS 0x0000000086d00000, 0x0000000086c00000| Untracked 
| 109|0x0000000086d00000, 0x0000000086e00000, 0x0000000086e00000|100%| O|  |TAMS 0x0000000086e00000, 0x0000000086d00000| Untracked 
| 110|0x0000000086e00000, 0x0000000086f00000, 0x0000000086f00000|100%| O|  |TAMS 0x0000000086f00000, 0x0000000086e00000| Untracked 
| 111|0x0000000086f00000, 0x0000000087000000, 0x0000000087000000|100%| O|  |TAMS 0x0000000087000000, 0x0000000086f00000| Untracked 
| 112|0x0000000087000000, 0x0000000087100000, 0x0000000087100000|100%| O|  |TAMS 0x0000000087100000, 0x0000000087000000| Untracked 
| 113|0x0000000087100000, 0x0000000087200000, 0x0000000087200000|100%| O|  |TAMS 0x0000000087200000, 0x0000000087100000| Untracked 
| 114|0x0000000087200000, 0x0000000087300000, 0x0000000087300000|100%| O|  |TAMS 0x0000000087300000, 0x0000000087200000| Untracked 
| 115|0x0000000087300000, 0x0000000087400000, 0x0000000087400000|100%| O|  |TAMS 0x0000000087400000, 0x0000000087300000| Untracked 
| 116|0x0000000087400000, 0x0000000087500000, 0x0000000087500000|100%| O|  |TAMS 0x0000000087500000, 0x0000000087400000| Untracked 
| 117|0x0000000087500000, 0x0000000087600000, 0x0000000087600000|100%| O|  |TAMS 0x0000000087600000, 0x0000000087500000| Untracked 
| 118|0x0000000087600000, 0x0000000087700000, 0x0000000087700000|100%| O|  |TAMS 0x0000000087700000, 0x0000000087600000| Untracked 
| 119|0x0000000087700000, 0x0000000087800000, 0x0000000087800000|100%| O|  |TAMS 0x000000008777c000, 0x0000000087700000| Untracked 
| 120|0x0000000087800000, 0x0000000087900000, 0x0000000087900000|100%| O|  |TAMS 0x0000000087800000, 0x0000000087800000| Untracked 
| 121|0x0000000087900000, 0x0000000087a00000, 0x0000000087a00000|100%| O|  |TAMS 0x0000000087900000, 0x0000000087900000| Untracked 
| 122|0x0000000087a00000, 0x0000000087b00000, 0x0000000087b00000|100%| O|  |TAMS 0x0000000087a00000, 0x0000000087a00000| Untracked 
| 123|0x0000000087b00000, 0x0000000087bda800, 0x0000000087c00000| 85%| O|  |TAMS 0x0000000087b00000, 0x0000000087b00000| Untracked 
| 124|0x0000000087c00000, 0x0000000087c00000, 0x0000000087d00000|  0%| F|  |TAMS 0x0000000087c00000, 0x0000000087c00000| Untracked 
| 125|0x0000000087d00000, 0x0000000087d00000, 0x0000000087e00000|  0%| F|  |TAMS 0x0000000087d00000, 0x0000000087d00000| Untracked 
| 126|0x0000000087e00000, 0x0000000087e00000, 0x0000000087f00000|  0%| F|  |TAMS 0x0000000087e00000, 0x0000000087e00000| Untracked 
| 127|0x0000000087f00000, 0x0000000087f00000, 0x0000000088000000|  0%| F|  |TAMS 0x0000000087f00000, 0x0000000087f00000| Untracked 
| 128|0x0000000088000000, 0x0000000088000000, 0x0000000088100000|  0%| F|  |TAMS 0x0000000088000000, 0x0000000088000000| Untracked 
| 129|0x0000000088100000, 0x0000000088100000, 0x0000000088200000|  0%| F|  |TAMS 0x0000000088100000, 0x0000000088100000| Untracked 
| 130|0x0000000088200000, 0x0000000088200000, 0x0000000088300000|  0%| F|  |TAMS 0x0000000088200000, 0x0000000088200000| Untracked 
| 131|0x0000000088300000, 0x0000000088300000, 0x0000000088400000|  0%| F|  |TAMS 0x0000000088300000, 0x0000000088300000| Untracked 
| 132|0x0000000088400000, 0x0000000088400000, 0x0000000088500000|  0%| F|  |TAMS 0x0000000088400000, 0x0000000088400000| Untracked 
| 133|0x0000000088500000, 0x0000000088500000, 0x0000000088600000|  0%| F|  |TAMS 0x0000000088500000, 0x0000000088500000| Untracked 
| 134|0x0000000088600000, 0x0000000088600000, 0x0000000088700000|  0%| F|  |TAMS 0x0000000088600000, 0x0000000088600000| Untracked 
| 135|0x0000000088700000, 0x0000000088700000, 0x0000000088800000|  0%| F|  |TAMS 0x0000000088700000, 0x0000000088700000| Untracked 
| 136|0x0000000088800000, 0x0000000088800000, 0x0000000088900000|  0%| F|  |TAMS 0x0000000088800000, 0x0000000088800000| Untracked 
| 137|0x0000000088900000, 0x0000000088900000, 0x0000000088a00000|  0%| F|  |TAMS 0x0000000088900000, 0x0000000088900000| Untracked 
| 138|0x0000000088a00000, 0x0000000088a00000, 0x0000000088b00000|  0%| F|  |TAMS 0x0000000088a00000, 0x0000000088a00000| Untracked 
| 139|0x0000000088b00000, 0x0000000088b00000, 0x0000000088c00000|  0%| F|  |TAMS 0x0000000088b00000, 0x0000000088b00000| Untracked 
| 140|0x0000000088c00000, 0x0000000088c00000, 0x0000000088d00000|  0%| F|  |TAMS 0x0000000088c00000, 0x0000000088c00000| Untracked 
| 141|0x0000000088d00000, 0x0000000088d00000, 0x0000000088e00000|  0%| F|  |TAMS 0x0000000088d00000, 0x0000000088d00000| Untracked 
| 142|0x0000000088e00000, 0x0000000088e00000, 0x0000000088f00000|  0%| F|  |TAMS 0x0000000088e00000, 0x0000000088e00000| Untracked 
| 143|0x0000000088f00000, 0x0000000088f00000, 0x0000000089000000|  0%| F|  |TAMS 0x0000000088f00000, 0x0000000088f00000| Untracked 
| 144|0x0000000089000000, 0x0000000089000000, 0x0000000089100000|  0%| F|  |TAMS 0x0000000089000000, 0x0000000089000000| Untracked 
| 145|0x0000000089100000, 0x0000000089100000, 0x0000000089200000|  0%| F|  |TAMS 0x0000000089100000, 0x0000000089100000| Untracked 
| 146|0x0000000089200000, 0x0000000089200000, 0x0000000089300000|  0%| F|  |TAMS 0x0000000089200000, 0x0000000089200000| Untracked 
| 147|0x0000000089300000, 0x0000000089300000, 0x0000000089400000|  0%| F|  |TAMS 0x0000000089300000, 0x0000000089300000| Untracked 
| 148|0x0000000089400000, 0x0000000089400000, 0x0000000089500000|  0%| F|  |TAMS 0x0000000089400000, 0x0000000089400000| Untracked 
| 149|0x0000000089500000, 0x0000000089500000, 0x0000000089600000|  0%| F|  |TAMS 0x0000000089500000, 0x0000000089500000| Untracked 
| 150|0x0000000089600000, 0x0000000089600000, 0x0000000089700000|  0%| F|  |TAMS 0x0000000089600000, 0x0000000089600000| Untracked 
| 151|0x0000000089700000, 0x0000000089700000, 0x0000000089800000|  0%| F|  |TAMS 0x0000000089700000, 0x0000000089700000| Untracked 
| 152|0x0000000089800000, 0x0000000089800000, 0x0000000089900000|  0%| F|  |TAMS 0x0000000089800000, 0x0000000089800000| Untracked 
| 153|0x0000000089900000, 0x0000000089900000, 0x0000000089a00000|  0%| F|  |TAMS 0x0000000089900000, 0x0000000089900000| Untracked 
| 154|0x0000000089a00000, 0x0000000089a00000, 0x0000000089b00000|  0%| F|  |TAMS 0x0000000089a00000, 0x0000000089a00000| Untracked 
| 155|0x0000000089b00000, 0x0000000089b00000, 0x0000000089c00000|  0%| F|  |TAMS 0x0000000089b00000, 0x0000000089b00000| Untracked 
| 156|0x0000000089c00000, 0x0000000089c00000, 0x0000000089d00000|  0%| F|  |TAMS 0x0000000089c00000, 0x0000000089c00000| Untracked 
| 157|0x0000000089d00000, 0x0000000089d00000, 0x0000000089e00000|  0%| F|  |TAMS 0x0000000089d00000, 0x0000000089d00000| Untracked 
| 158|0x0000000089e00000, 0x0000000089e00000, 0x0000000089f00000|  0%| F|  |TAMS 0x0000000089e00000, 0x0000000089e00000| Untracked 
| 159|0x0000000089f00000, 0x0000000089f00000, 0x000000008a000000|  0%| F|  |TAMS 0x0000000089f00000, 0x0000000089f00000| Untracked 
| 160|0x000000008a000000, 0x000000008a000000, 0x000000008a100000|  0%| F|  |TAMS 0x000000008a000000, 0x000000008a000000| Untracked 
| 161|0x000000008a100000, 0x000000008a100000, 0x000000008a200000|  0%| F|  |TAMS 0x000000008a100000, 0x000000008a100000| Untracked 
| 162|0x000000008a200000, 0x000000008a300000, 0x000000008a300000|100%| O|  |TAMS 0x000000008a300000, 0x000000008a200000| Untracked 
| 163|0x000000008a300000, 0x000000008a400000, 0x000000008a400000|100%| O|  |TAMS 0x000000008a400000, 0x000000008a300000| Untracked 
| 164|0x000000008a400000, 0x000000008a500000, 0x000000008a500000|100%| O|  |TAMS 0x000000008a500000, 0x000000008a400000| Untracked 
| 165|0x000000008a500000, 0x000000008a600000, 0x000000008a600000|100%| O|  |TAMS 0x000000008a600000, 0x000000008a500000| Untracked 
| 166|0x000000008a600000, 0x000000008a700000, 0x000000008a700000|100%| O|  |TAMS 0x000000008a700000, 0x000000008a600000| Untracked 
| 167|0x000000008a700000, 0x000000008a800000, 0x000000008a800000|100%| O|  |TAMS 0x000000008a800000, 0x000000008a700000| Untracked 
| 168|0x000000008a800000, 0x000000008a900000, 0x000000008a900000|100%| O|  |TAMS 0x000000008a900000, 0x000000008a800000| Untracked 
| 169|0x000000008a900000, 0x000000008aa00000, 0x000000008aa00000|100%| O|  |TAMS 0x000000008aa00000, 0x000000008a900000| Untracked 
| 170|0x000000008aa00000, 0x000000008aa00000, 0x000000008ab00000|  0%| F|  |TAMS 0x000000008aa00000, 0x000000008aa00000| Untracked 
| 171|0x000000008ab00000, 0x000000008ab00000, 0x000000008ac00000|  0%| F|  |TAMS 0x000000008ab00000, 0x000000008ab00000| Untracked 
| 172|0x000000008ac00000, 0x000000008ac00000, 0x000000008ad00000|  0%| F|  |TAMS 0x000000008ac00000, 0x000000008ac00000| Untracked 
| 173|0x000000008ad00000, 0x000000008ad00000, 0x000000008ae00000|  0%| F|  |TAMS 0x000000008ad00000, 0x000000008ad00000| Untracked 
| 174|0x000000008ae00000, 0x000000008ae00000, 0x000000008af00000|  0%| F|  |TAMS 0x000000008ae00000, 0x000000008ae00000| Untracked 
| 175|0x000000008af00000, 0x000000008af00000, 0x000000008b000000|  0%| F|  |TAMS 0x000000008af00000, 0x000000008af00000| Untracked 
| 176|0x000000008b000000, 0x000000008b000000, 0x000000008b100000|  0%| F|  |TAMS 0x000000008b000000, 0x000000008b000000| Untracked 
| 177|0x000000008b100000, 0x000000008b100000, 0x000000008b200000|  0%| F|  |TAMS 0x000000008b100000, 0x000000008b100000| Untracked 
| 178|0x000000008b200000, 0x000000008b200000, 0x000000008b300000|  0%| F|  |TAMS 0x000000008b200000, 0x000000008b200000| Untracked 
| 179|0x000000008b300000, 0x000000008b300000, 0x000000008b400000|  0%| F|  |TAMS 0x000000008b300000, 0x000000008b300000| Untracked 
| 180|0x000000008b400000, 0x000000008b400000, 0x000000008b500000|  0%| F|  |TAMS 0x000000008b400000, 0x000000008b400000| Untracked 
| 181|0x000000008b500000, 0x000000008b500000, 0x000000008b600000|  0%| F|  |TAMS 0x000000008b500000, 0x000000008b500000| Untracked 
| 182|0x000000008b600000, 0x000000008b66aec0, 0x000000008b700000| 41%| S|CS|TAMS 0x000000008b600000, 0x000000008b600000| Complete 
| 183|0x000000008b700000, 0x000000008b800000, 0x000000008b800000|100%| S|CS|TAMS 0x000000008b700000, 0x000000008b700000| Complete 
| 184|0x000000008b800000, 0x000000008b900000, 0x000000008b900000|100%| S|CS|TAMS 0x000000008b800000, 0x000000008b800000| Complete 
| 185|0x000000008b900000, 0x000000008ba00000, 0x000000008ba00000|100%| S|CS|TAMS 0x000000008b900000, 0x000000008b900000| Complete 
| 186|0x000000008ba00000, 0x000000008ba00000, 0x000000008bb00000|  0%| F|  |TAMS 0x000000008ba00000, 0x000000008ba00000| Untracked 
| 187|0x000000008bb00000, 0x000000008bb00000, 0x000000008bc00000|  0%| F|  |TAMS 0x000000008bb00000, 0x000000008bb00000| Untracked 
| 188|0x000000008bc00000, 0x000000008bc00000, 0x000000008bd00000|  0%| F|  |TAMS 0x000000008bc00000, 0x000000008bc00000| Untracked 
| 189|0x000000008bd00000, 0x000000008bd00000, 0x000000008be00000|  0%| F|  |TAMS 0x000000008bd00000, 0x000000008bd00000| Untracked 
| 190|0x000000008be00000, 0x000000008be00000, 0x000000008bf00000|  0%| F|  |TAMS 0x000000008be00000, 0x000000008be00000| Untracked 
| 191|0x000000008bf00000, 0x000000008bf00000, 0x000000008c000000|  0%| F|  |TAMS 0x000000008bf00000, 0x000000008bf00000| Untracked 
| 192|0x000000008c000000, 0x000000008c000000, 0x000000008c100000|  0%| F|  |TAMS 0x000000008c000000, 0x000000008c000000| Untracked 
| 193|0x000000008c100000, 0x000000008c100000, 0x000000008c200000|  0%| F|  |TAMS 0x000000008c100000, 0x000000008c100000| Untracked 
| 194|0x000000008c200000, 0x000000008c200000, 0x000000008c300000|  0%| F|  |TAMS 0x000000008c200000, 0x000000008c200000| Untracked 
| 195|0x000000008c300000, 0x000000008c300000, 0x000000008c400000|  0%| F|  |TAMS 0x000000008c300000, 0x000000008c300000| Untracked 
| 196|0x000000008c400000, 0x000000008c400000, 0x000000008c500000|  0%| F|  |TAMS 0x000000008c400000, 0x000000008c400000| Untracked 
| 197|0x000000008c500000, 0x000000008c500000, 0x000000008c600000|  0%| F|  |TAMS 0x000000008c500000, 0x000000008c500000| Untracked 
| 198|0x000000008c600000, 0x000000008c600000, 0x000000008c700000|  0%| F|  |TAMS 0x000000008c600000, 0x000000008c600000| Untracked 
| 199|0x000000008c700000, 0x000000008c700000, 0x000000008c800000|  0%| F|  |TAMS 0x000000008c700000, 0x000000008c700000| Untracked 
| 200|0x000000008c800000, 0x000000008c800000, 0x000000008c900000|  0%| F|  |TAMS 0x000000008c800000, 0x000000008c800000| Untracked 
| 201|0x000000008c900000, 0x000000008c900000, 0x000000008ca00000|  0%| F|  |TAMS 0x000000008c900000, 0x000000008c900000| Untracked 
| 202|0x000000008ca00000, 0x000000008ca00000, 0x000000008cb00000|  0%| F|  |TAMS 0x000000008ca00000, 0x000000008ca00000| Untracked 
| 203|0x000000008cb00000, 0x000000008cb00000, 0x000000008cc00000|  0%| F|  |TAMS 0x000000008cb00000, 0x000000008cb00000| Untracked 
| 204|0x000000008cc00000, 0x000000008cc00000, 0x000000008cd00000|  0%| F|  |TAMS 0x000000008cc00000, 0x000000008cc00000| Untracked 
| 205|0x000000008cd00000, 0x000000008cd00000, 0x000000008ce00000|  0%| F|  |TAMS 0x000000008cd00000, 0x000000008cd00000| Untracked 
| 206|0x000000008ce00000, 0x000000008ce00000, 0x000000008cf00000|  0%| F|  |TAMS 0x000000008ce00000, 0x000000008ce00000| Untracked 
| 207|0x000000008cf00000, 0x000000008cf9b080, 0x000000008d000000| 60%| E|  |TAMS 0x000000008cf00000, 0x000000008cf00000| Complete 
| 208|0x000000008d000000, 0x000000008d100000, 0x000000008d100000|100%| E|CS|TAMS 0x000000008d000000, 0x000000008d000000| Complete 
| 209|0x000000008d100000, 0x000000008d200000, 0x000000008d200000|100%| E|CS|TAMS 0x000000008d100000, 0x000000008d100000| Complete 
| 210|0x000000008d200000, 0x000000008d300000, 0x000000008d300000|100%| E|CS|TAMS 0x000000008d200000, 0x000000008d200000| Complete 
| 211|0x000000008d300000, 0x000000008d400000, 0x000000008d400000|100%| E|CS|TAMS 0x000000008d300000, 0x000000008d300000| Complete 
| 212|0x000000008d400000, 0x000000008d500000, 0x000000008d500000|100%| E|CS|TAMS 0x000000008d400000, 0x000000008d400000| Complete 
| 213|0x000000008d500000, 0x000000008d600000, 0x000000008d600000|100%| E|CS|TAMS 0x000000008d500000, 0x000000008d500000| Complete 
| 214|0x000000008d600000, 0x000000008d700000, 0x000000008d700000|100%| E|CS|TAMS 0x000000008d600000, 0x000000008d600000| Complete 
| 215|0x000000008d700000, 0x000000008d800000, 0x000000008d800000|100%| E|CS|TAMS 0x000000008d700000, 0x000000008d700000| Complete 
| 216|0x000000008d800000, 0x000000008d900000, 0x000000008d900000|100%| E|CS|TAMS 0x000000008d800000, 0x000000008d800000| Complete 
| 217|0x000000008d900000, 0x000000008da00000, 0x000000008da00000|100%| E|CS|TAMS 0x000000008d900000, 0x000000008d900000| Complete 

Card table byte_map: [0x00000182ff620000,0x00000182ffa20000] _byte_map_base: 0x00000182ff220000

Marking Bits (Prev, Next): (CMBitMap*) 0x00000182ff17f300, (CMBitMap*) 0x00000182ff17f2c8
 Prev Bits: [0x0000018294a20000, 0x0000018296a20000)
 Next Bits: [0x0000018292a20000, 0x0000018294a20000)

Polling page: 0x00000182fd0f0000

Metaspace:

Usage:
  Non-class:     91.13 MB capacity,    89.15 MB ( 98%) used,     1.62 MB (  2%) free+waste,   371.63 KB ( <1%) overhead. 
      Class:     14.77 MB capacity,    13.59 MB ( 92%) used,     1.01 MB (  7%) free+waste,   172.00 KB (  1%) overhead. 
       Both:    105.90 MB capacity,   102.73 MB ( 97%) used,     2.63 MB (  2%) free+waste,   543.63 KB ( <1%) overhead. 

Virtual space:
  Non-class space:       92.00 MB reserved,      91.25 MB (>99%) committed 
      Class space:        1.00 GB reserved,      14.82 MB (  1%) committed 
             Both:        1.09 GB reserved,     106.07 MB ( 10%) committed 

Chunk freelists:
   Non-Class:  58.00 KB
       Class:  48.00 KB
        Both:  106.00 KB

MaxMetaspaceSize: 17179869184.00 GB
CompressedClassSpaceSize: 1.00 GB

CodeHeap 'non-profiled nmethods': size=120064Kb used=5504Kb max_used=5504Kb free=114559Kb
 bounds [0x000001828b4e0000, 0x000001828ba50000, 0x0000018292a20000]
CodeHeap 'profiled nmethods': size=120000Kb used=27309Kb max_used=27309Kb free=92690Kb
 bounds [0x0000018283fb0000, 0x0000018285a60000, 0x000001828b4e0000]
CodeHeap 'non-nmethods': size=5696Kb used=2317Kb max_used=2361Kb free=3378Kb
 bounds [0x0000018283a20000, 0x0000018283c90000, 0x0000018283fb0000]
 total_blobs=13879 nmethods=12951 adapters=839
 compilation: enabled
              stopped_count=0, restarted_count=0
 full_count=0

Compilation events (20 events):
Event: 39.326 Thread 0x0000018298e28800 13216       2       com.android.tools.r8.code.B::a (1 bytes)
Event: 39.327 Thread 0x0000018298e28800 nmethod 13216 0x0000018285a57510 code [0x0000018285a576c0, 0x0000018285a577b8]
Event: 39.362 Thread 0x0000018298e28800 13222       2       com.android.tools.r8.code.Q3::a (1 bytes)
Event: 39.362 Thread 0x0000018298e28800 nmethod 13222 0x0000018285a57890 code [0x0000018285a57a40, 0x0000018285a57b38]
Event: 39.363 Thread 0x0000018298e28800 13223       2       com.android.tools.r8.code.u1::a (23 bytes)
Event: 39.364 Thread 0x0000018298e28800 nmethod 13223 0x0000018285a57c10 code [0x0000018285a57e00, 0x0000018285a58038]
Event: 39.364 Thread 0x0000018298e28800 13224       2       com.android.tools.r8.code.u1::H (8 bytes)
Event: 39.365 Thread 0x0000018298e28800 nmethod 13224 0x0000018285a58210 code [0x0000018285a583c0, 0x0000018285a584f8]
Event: 39.379 Thread 0x0000018298e28800 13225       2       com.android.tools.r8.code.p2::a (1 bytes)
Event: 39.379 Thread 0x0000018298e28800 nmethod 13225 0x0000018285a58590 code [0x0000018285a58740, 0x0000018285a58838]
Event: 39.392 Thread 0x0000018298e28800 13226       2       com.android.tools.r8.dex.N::a (19 bytes)
Event: 39.393 Thread 0x0000018298e28800 nmethod 13226 0x0000018285a58910 code [0x0000018285a58ae0, 0x0000018285a58cf8]
Event: 39.406 Thread 0x0000018298e28800 13228       2       com.android.tools.r8.code.v2::a (1 bytes)
Event: 39.406 Thread 0x0000018298e28800 nmethod 13228 0x0000018285a58e10 code [0x0000018285a58fc0, 0x0000018285a590b8]
Event: 39.413 Thread 0x0000018298e28800 13229       2       com.android.tools.r8.code.T0::a (1 bytes)
Event: 39.413 Thread 0x0000018298e28800 nmethod 13229 0x0000018285a59190 code [0x0000018285a59340, 0x0000018285a59438]
Event: 39.424 Thread 0x0000018298e28800 13230       2       com.android.tools.r8.code.P::a (1 bytes)
Event: 39.425 Thread 0x0000018298e28800 nmethod 13230 0x0000018285a59510 code [0x0000018285a596c0, 0x0000018285a597b8]
Event: 39.552 Thread 0x0000018298e28800 13231       2       com.android.tools.r8.code.R3::a (1 bytes)
Event: 39.552 Thread 0x0000018298e28800 nmethod 13231 0x0000018285a59890 code [0x0000018285a59a40, 0x0000018285a59b38]

GC Heap History (20 events):
Event: 28.152 GC heap before
{Heap before GC invocations=37 (full 0):
 garbage-first heap   total 138240K, used 108913K [0x0000000080000000, 0x0000000100000000)
  region size 1024K, 42 young (43008K), 6 survivors (6144K)
 Metaspace       used 82468K, capacity 84692K, committed 84812K, reserved 1122304K
  class space    used 10742K, capacity 11556K, committed 11596K, reserved 1048576K
}
Event: 28.168 GC heap after
{Heap after GC invocations=38 (full 0):
 garbage-first heap   total 138240K, used 75768K [0x0000000080000000, 0x0000000100000000)
  region size 1024K, 3 young (3072K), 3 survivors (3072K)
 Metaspace       used 82468K, capacity 84692K, committed 84812K, reserved 1122304K
  class space    used 10742K, capacity 11556K, committed 11596K, reserved 1048576K
}
Event: 29.286 GC heap before
{Heap before GC invocations=39 (full 0):
 garbage-first heap   total 138240K, used 107512K [0x0000000080000000, 0x0000000100000000)
  region size 1024K, 36 young (36864K), 3 survivors (3072K)
 Metaspace       used 88767K, capacity 91075K, committed 91340K, reserved 1128448K
  class space    used 11558K, capacity 12385K, committed 12492K, reserved 1048576K
}
Event: 29.303 GC heap after
{Heap after GC invocations=40 (full 0):
 garbage-first heap   total 165888K, used 78010K [0x0000000080000000, 0x0000000100000000)
  region size 1024K, 3 young (3072K), 3 survivors (3072K)
 Metaspace       used 88767K, capacity 91075K, committed 91340K, reserved 1128448K
  class space    used 11558K, capacity 12385K, committed 12492K, reserved 1048576K
}
Event: 31.166 GC heap before
{Heap before GC invocations=41 (full 0):
 garbage-first heap   total 165888K, used 126138K [0x0000000080000000, 0x0000000100000000)
  region size 1024K, 48 young (49152K), 3 survivors (3072K)
 Metaspace       used 91449K, capacity 93915K, committed 94156K, reserved 1130496K
  class space    used 11823K, capacity 12685K, committed 12748K, reserved 1048576K
}
Event: 31.175 GC heap after
{Heap after GC invocations=42 (full 0):
 garbage-first heap   total 165888K, used 80446K [0x0000000080000000, 0x0000000100000000)
  region size 1024K, 3 young (3072K), 3 survivors (3072K)
 Metaspace       used 91449K, capacity 93915K, committed 94156K, reserved 1130496K
  class space    used 11823K, capacity 12685K, committed 12748K, reserved 1048576K
}
Event: 32.715 GC heap before
{Heap before GC invocations=42 (full 0):
 garbage-first heap   total 165888K, used 127550K [0x0000000080000000, 0x0000000100000000)
  region size 1024K, 50 young (51200K), 3 survivors (3072K)
 Metaspace       used 95690K, capacity 98262K, committed 98380K, reserved 1134592K
  class space    used 12422K, capacity 13351K, committed 13388K, reserved 1048576K
}
Event: 32.727 GC heap after
{Heap after GC invocations=43 (full 0):
 garbage-first heap   total 165888K, used 80691K [0x0000000080000000, 0x0000000100000000)
  region size 1024K, 6 young (6144K), 6 survivors (6144K)
 Metaspace       used 95690K, capacity 98262K, committed 98380K, reserved 1134592K
  class space    used 12422K, capacity 13351K, committed 13388K, reserved 1048576K
}
Event: 34.341 GC heap before
{Heap before GC invocations=44 (full 0):
 garbage-first heap   total 165888K, used 128819K [0x0000000080000000, 0x0000000100000000)
  region size 1024K, 54 young (55296K), 6 survivors (6144K)
 Metaspace       used 103237K, capacity 106453K, committed 106572K, reserved 1140736K
  class space    used 13659K, capacity 14873K, committed 14924K, reserved 1048576K
}
Event: 34.357 GC heap after
{Heap after GC invocations=45 (full 0):
 garbage-first heap   total 165888K, used 81990K [0x0000000080000000, 0x0000000100000000)
  region size 1024K, 6 young (6144K), 6 survivors (6144K)
 Metaspace       used 103237K, capacity 106453K, committed 106572K, reserved 1140736K
  class space    used 13659K, capacity 14873K, committed 14924K, reserved 1048576K
}
Event: 34.424 GC heap before
{Heap before GC invocations=45 (full 0):
 garbage-first heap   total 165888K, used 84038K [0x0000000080000000, 0x0000000100000000)
  region size 1024K, 9 young (9216K), 6 survivors (6144K)
 Metaspace       used 103334K, capacity 106529K, committed 106828K, reserved 1140736K
  class space    used 13668K, capacity 14875K, committed 14924K, reserved 1048576K
}
Event: 34.436 GC heap after
{Heap after GC invocations=46 (full 0):
 garbage-first heap   total 165888K, used 82246K [0x0000000080000000, 0x0000000100000000)
  region size 1024K, 3 young (3072K), 3 survivors (3072K)
 Metaspace       used 103334K, capacity 106529K, committed 106828K, reserved 1140736K
  class space    used 13668K, capacity 14875K, committed 14924K, reserved 1048576K
}
Event: 35.491 GC heap before
{Heap before GC invocations=47 (full 0):
 garbage-first heap   total 165888K, used 148806K [0x0000000080000000, 0x0000000100000000)
  region size 1024K, 54 young (55296K), 3 survivors (3072K)
 Metaspace       used 104734K, capacity 107988K, committed 108108K, reserved 1142784K
  class space    used 13921K, capacity 15150K, committed 15180K, reserved 1048576K
}
Event: 35.555 GC heap after
{Heap after GC invocations=48 (full 0):
 garbage-first heap   total 174080K, used 113466K [0x0000000080000000, 0x0000000100000000)
  region size 1024K, 7 young (7168K), 7 survivors (7168K)
 Metaspace       used 104734K, capacity 107988K, committed 108108K, reserved 1142784K
  class space    used 13921K, capacity 15150K, committed 15180K, reserved 1048576K
}
Event: 36.353 GC heap before
{Heap before GC invocations=48 (full 0):
 garbage-first heap   total 174080K, used 140090K [0x0000000080000000, 0x0000000100000000)
  region size 1024K, 33 young (33792K), 7 survivors (7168K)
 Metaspace       used 104836K, capacity 108063K, committed 108108K, reserved 1142784K
  class space    used 13921K, capacity 15150K, committed 15180K, reserved 1048576K
}
Event: 36.413 GC heap after
{Heap after GC invocations=49 (full 0):
 garbage-first heap   total 174080K, used 128496K [0x0000000080000000, 0x0000000100000000)
  region size 1024K, 5 young (5120K), 5 survivors (5120K)
 Metaspace       used 104836K, capacity 108063K, committed 108108K, reserved 1142784K
  class space    used 13921K, capacity 15150K, committed 15180K, reserved 1048576K
}
Event: 37.089 GC heap before
{Heap before GC invocations=49 (full 0):
 garbage-first heap   total 174080K, used 141808K [0x0000000080000000, 0x0000000100000000)
  region size 1024K, 19 young (19456K), 5 survivors (5120K)
 Metaspace       used 104914K, capacity 108116K, committed 108364K, reserved 1142784K
  class space    used 13905K, capacity 15114K, committed 15180K, reserved 1048576K
}
Event: 37.119 GC heap after
{Heap after GC invocations=50 (full 0):
 garbage-first heap   total 223232K, used 134144K [0x0000000080000000, 0x0000000100000000)
  region size 1024K, 3 young (3072K), 3 survivors (3072K)
 Metaspace       used 104914K, capacity 108116K, committed 108364K, reserved 1142784K
  class space    used 13905K, capacity 15114K, committed 15180K, reserved 1048576K
}
Event: 39.114 GC heap before
{Heap before GC invocations=51 (full 0):
 garbage-first heap   total 223232K, used 165888K [0x0000000080000000, 0x0000000100000000)
  region size 1024K, 35 young (35840K), 3 survivors (3072K)
 Metaspace       used 105184K, capacity 108373K, committed 108620K, reserved 1142784K
  class space    used 13912K, capacity 15120K, committed 15180K, reserved 1048576K
}
Event: 39.186 GC heap after
{Heap after GC invocations=52 (full 0):
 garbage-first heap   total 223232K, used 138517K [0x0000000080000000, 0x0000000100000000)
  region size 1024K, 4 young (4096K), 4 survivors (4096K)
 Metaspace       used 105184K, capacity 108373K, committed 108620K, reserved 1142784K
  class space    used 13912K, capacity 15120K, committed 15180K, reserved 1048576K
}

Deoptimization events (20 events):
Event: 35.609 Thread 0x000001829a325800 DEOPT PACKING pc=0x00000182857fd00e sp=0x0000002165bfed00
Event: 35.609 Thread 0x000001829a325800 DEOPT UNPACKING pc=0x0000018283a46d5e sp=0x0000002165bfe178 mode 0
Event: 35.682 Thread 0x000001829a325800 DEOPT PACKING pc=0x000001828588947e sp=0x0000002165bfe4a0
Event: 35.682 Thread 0x000001829a325800 DEOPT UNPACKING pc=0x0000018283a46d5e sp=0x0000002165bfda20 mode 0
Event: 37.020 Thread 0x000001829a325800 DEOPT PACKING pc=0x00000182859b0df4 sp=0x0000002165bfec00
Event: 37.020 Thread 0x000001829a325800 DEOPT UNPACKING pc=0x0000018283a46d5e sp=0x0000002165bfe0d0 mode 0
Event: 37.039 Thread 0x000001829a325800 DEOPT PACKING pc=0x00000182859b6a04 sp=0x0000002165bfeca0
Event: 37.039 Thread 0x000001829a325800 DEOPT UNPACKING pc=0x0000018283a46d5e sp=0x0000002165bfe300 mode 0
Event: 37.265 Thread 0x000001829a328000 DEOPT PACKING pc=0x000001828599e9a9 sp=0x0000002165dfeb10
Event: 37.265 Thread 0x000001829a328000 DEOPT UNPACKING pc=0x0000018283a46d5e sp=0x0000002165dfdfb8 mode 0
Event: 38.546 Thread 0x000001829a328000 DEOPT PACKING pc=0x0000018285a13c95 sp=0x0000002165dfecc0
Event: 38.547 Thread 0x000001829a328000 DEOPT UNPACKING pc=0x0000018283a46d5e sp=0x0000002165dfe180 mode 0
Event: 38.576 Thread 0x000001829a325800 DEOPT PACKING pc=0x00000182859e3106 sp=0x0000002165bff0e0
Event: 38.576 Thread 0x000001829a325800 DEOPT UNPACKING pc=0x0000018283a46d5e sp=0x0000002165bfe6a0 mode 0
Event: 38.980 Thread 0x000001829a323000 Uncommon trap: trap_request=0xffffffe4 fr.pc=0x000001828b9c49d4 relative=0x0000000000000214
Event: 38.980 Thread 0x000001829a323000 Uncommon trap: reason=range_check action=make_not_entrant pc=0x000001828b9c49d4 method=com.android.tools.r8.graph.W0.a(Lcom/android/tools/r8/graph/W0;)I @ 9 c2
Event: 38.980 Thread 0x000001829a323000 DEOPT PACKING pc=0x000001828b9c49d4 sp=0x00000021656fcf40
Event: 38.980 Thread 0x000001829a323000 DEOPT UNPACKING pc=0x0000018283a465af sp=0x00000021656fcec8 mode 2
Event: 39.028 Thread 0x000001829a323000 DEOPT PACKING pc=0x0000018285a296f0 sp=0x00000021656fd080
Event: 39.028 Thread 0x000001829a323000 DEOPT UNPACKING pc=0x0000018283a46d5e sp=0x00000021656fc5c0 mode 0

Classes redefined (0 events):
No events

Internal exceptions (20 events):
Event: 33.385 Thread 0x000001829a320000 Exception <a 'java/lang/IncompatibleClassChangeError'{0x00000000896b4880}: Found class java.lang.Object, but interface was expected> (0x00000000896b4880) thrown at [./src/hotspot/share/interpreter/linkResolver.cpp, line 839]
Event: 33.387 Thread 0x000001829a320000 Exception <a 'java/lang/IncompatibleClassChangeError'{0x00000000896d5a48}: Found class java.lang.Object, but interface was expected> (0x00000000896d5a48) thrown at [./src/hotspot/share/interpreter/linkResolver.cpp, line 839]
Event: 33.413 Thread 0x000001829a31c800 Exception <a 'java/lang/NoSuchMethodError'{0x00000000895b6b18}: 'void java.lang.invoke.DirectMethodHandle$Holder.invokeVirtual(java.lang.Object, java.lang.Object, int, java.lang.Object)'> (0x00000000895b6b18) thrown at [./src/hotspot/share/interpreter/linkResolver.cpp, line 773]
Event: 33.485 Thread 0x000001829a31c800 Exception <a 'java/lang/NoSuchMethodError'{0x000000008928ee80}: 'java.lang.Object java.lang.invoke.DirectMethodHandle$Holder.newInvokeSpecial(java.lang.Object, int)'> (0x000000008928ee80) thrown at [./src/hotspot/share/interpreter/linkResolver.cpp, line 773]
Event: 33.485 Thread 0x000001829a320000 Exception <a 'java/lang/NoSuchMethodError'{0x000000008927c0b0}: 'java.lang.Object java.lang.invoke.DirectMethodHandle$Holder.newInvokeSpecial(java.lang.Object, int)'> (0x000000008927c0b0) thrown at [./src/hotspot/share/interpreter/linkResolver.cpp, line 773]
Event: 33.605 Thread 0x000001829a31c800 Exception <a 'java/lang/NoSuchMethodError'{0x0000000088e83db8}: 'java.lang.Object java.lang.invoke.Invokers$Holder.linkToTargetMethod(java.lang.Object, int, java.lang.Object, java.lang.Object, java.lang.Object, java.lang.Object)'> (0x0000000088e83db8) thrown at [./src/hotspot/share/interpreter/linkResolver.cpp, line 773]
Event: 33.608 Thread 0x000001829a31c800 Exception <a 'java/lang/NoSuchMethodError'{0x0000000088ea9948}: 'java.lang.Object java.lang.invoke.Invokers$Holder.linkToTargetMethod(java.lang.Object, java.lang.Object, java.lang.Object, int, java.lang.Object, java.lang.Object, java.lang.Object)'> (0x0000000088ea9948) thrown at [./src/hotspot/share/interpreter/linkResolver.cpp, line 773]
Event: 33.612 Thread 0x000001829a31c800 Exception <a 'java/lang/NoSuchMethodError'{0x0000000088ebef08}: 'void java.lang.invoke.DirectMethodHandle$Holder.invokeStatic(java.lang.Object, java.lang.Object, java.lang.Object, java.lang.Object, java.lang.Object, java.lang.Object, java.lang.Object, java.lang.Object)'> (0x0000000088ebef08) thrown at [./src/hotspot/share/interpreter/linkResolver.cpp, line 773]
Event: 33.666 Thread 0x000001829a31c800 Exception <a 'java/lang/IncompatibleClassChangeError'{0x0000000088b0cdc0}: Found class java.lang.Object, but interface was expected> (0x0000000088b0cdc0) thrown at [./src/hotspot/share/interpreter/linkResolver.cpp, line 839]
Event: 33.679 Thread 0x000001829a320000 Exception <a 'java/lang/NoSuchMethodError'{0x0000000088b6e278}: 'long java.lang.invoke.DirectMethodHandle$Holder.invokeStatic(java.lang.Object, java.lang.Object)'> (0x0000000088b6e278) thrown at [./src/hotspot/share/interpreter/linkResolver.cpp, line 773]
Event: 33.719 Thread 0x000001829a31c800 Exception <a 'java/lang/NoSuchMethodError'{0x0000000088af2e68}: 'void java.lang.invoke.DirectMethodHandle$Holder.invokeVirtual(java.lang.Object, java.lang.Object, int)'> (0x0000000088af2e68) thrown at [./src/hotspot/share/interpreter/linkResolver.cpp, line 773]
Event: 33.754 Thread 0x000001829a31c800 Exception <a 'sun/nio/fs/WindowsException'{0x000000008880c190}> (0x000000008880c190) thrown at [./src/hotspot/share/prims/jni.cpp, line 615]
Event: 33.754 Thread 0x000001829a320000 Exception <a 'java/lang/NoSuchMethodError'{0x000000008882ad28}: 'java.lang.Object java.lang.invoke.DirectMethodHandle$Holder.invokeSpecial(java.lang.Object, java.lang.Object, java.lang.Object, java.lang.Object, java.lang.Object, java.lang.Object, java.lang.Object, java.lang.Object, java.lang.Object, java.lang.Object, java.lang.Object)'> (0x000000008882ad28) thrown at [./src/hotspot/share/interpreter/linkResolver.cpp, line 773]
Event: 33.755 Thread 0x000001829a320000 Exception <a 'java/lang/NoSuchMethodError'{0x0000000088836390}: 'java.lang.Object java.lang.invoke.Invokers$Holder.linkToTargetMethod(java.lang.Object, java.lang.Object, java.lang.Object, java.lang.Object, java.lang.Object, java.lang.Object, java.lang.Object, java.lang.Object, java.lang.Object, java.lang.Object)'> (0x0000000088836390) thrown at [./src/hotspot/share/interpreter/linkResolver.cpp, line 773]
Event: 33.768 Thread 0x000001829a320000 Exception <a 'java/lang/IncompatibleClassChangeError'{0x00000000888bd860}: Found class java.lang.Object, but interface was expected> (0x00000000888bd860) thrown at [./src/hotspot/share/interpreter/linkResolver.cpp, line 839]
Event: 33.939 Thread 0x000001829a320000 Exception <a 'sun/nio/fs/WindowsException'{0x0000000088303900}> (0x0000000088303900) thrown at [./src/hotspot/share/prims/jni.cpp, line 615]
Event: 33.951 Thread 0x000001829a320000 Exception <a 'sun/nio/fs/WindowsException'{0x000000008835f520}> (0x000000008835f520) thrown at [./src/hotspot/share/prims/jni.cpp, line 615]
Event: 34.273 Thread 0x000001829ba65000 Exception <a 'java/lang/NoSuchMethodError'{0x000000008756d1f0}: <clinit>> (0x000000008756d1f0) thrown at [./src/hotspot/share/prims/jni.cpp, line 1362]
Event: 34.574 Thread 0x000001829a323000 Exception <a 'sun/nio/fs/WindowsException'{0x0000000089ac2880}> (0x0000000089ac2880) thrown at [./src/hotspot/share/prims/jni.cpp, line 615]
Event: 35.249 Thread 0x000001829a327000 Exception <a 'java/lang/NoSuchMethodError'{0x00000000878bf170}: 'long java.lang.invoke.DirectMethodHandle$Holder.invokeStatic(java.lang.Object, java.lang.Object, java.lang.Object)'> (0x00000000878bf170) thrown at [./src/hotspot/share/interpreter/linkResolver.cpp, line 773]

Events (20 events):
Event: 38.697 loading class com/android/tools/r8/graph/S0
Event: 38.697 loading class com/android/tools/r8/graph/S0 done
Event: 38.698 loading class com/android/tools/r8/graph/b2
Event: 38.698 loading class com/android/tools/r8/graph/b2 done
Event: 38.715 loading class com/android/tools/r8/graph/S0
Event: 38.715 loading class com/android/tools/r8/graph/S0 done
Event: 38.750 loading class com/android/tools/r8/dex/P
Event: 38.750 loading class com/android/tools/r8/dex/P done
Event: 38.761 loading class com/android/tools/r8/dex/Q
Event: 38.761 loading class com/android/tools/r8/dex/Q done
Event: 38.764 loading class com/android/tools/r8/internal/AY0
Event: 38.764 loading class com/android/tools/r8/internal/AY0 done
Event: 38.770 loading class com/android/tools/r8/internal/IY0
Event: 38.770 loading class com/android/tools/r8/internal/IY0 done
Event: 38.876 loading class com/android/tools/r8/internal/EY0
Event: 38.876 loading class com/android/tools/r8/internal/EY0 done
Event: 38.880 loading class com/android/tools/r8/internal/qz0
Event: 38.880 loading class com/android/tools/r8/internal/qz0 done
Event: 39.111 Executing VM operation: G1CollectForAllocation
Event: 39.186 Executing VM operation: G1CollectForAllocation done


Dynamic libraries:
0x00007ff77b420000 - 0x00007ff77b42a000 	C:\Program Files\Android\Android Studio\jre\bin\java.exe
0x00007ffbb4b70000 - 0x00007ffbb4d65000 	C:\WINDOWS\SYSTEM32\ntdll.dll
0x00007ffbb3360000 - 0x00007ffbb341e000 	C:\WINDOWS\System32\KERNEL32.DLL
0x00007ffbb2370000 - 0x00007ffbb2639000 	C:\WINDOWS\System32\KERNELBASE.dll
0x00007ffbb2790000 - 0x00007ffbb2890000 	C:\WINDOWS\System32\ucrtbase.dll
0x00007ffba1b70000 - 0x00007ffba1b87000 	C:\Program Files\Android\Android Studio\jre\bin\VCRUNTIME140.dll
0x00007ffba01c0000 - 0x00007ffba01d9000 	C:\Program Files\Android\Android Studio\jre\bin\jli.dll
0x00007ffbb3d70000 - 0x00007ffbb3f11000 	C:\WINDOWS\System32\USER32.dll
0x00007ffbb22f0000 - 0x00007ffbb2312000 	C:\WINDOWS\System32\win32u.dll
0x00007ffbb4030000 - 0x00007ffbb405b000 	C:\WINDOWS\System32\GDI32.dll
0x00007ffbb2890000 - 0x00007ffbb299b000 	C:\WINDOWS\System32\gdi32full.dll
0x00007ffbb26f0000 - 0x00007ffbb278d000 	C:\WINDOWS\System32\msvcp_win.dll
0x00007ffba23c0000 - 0x00007ffba265a000 	C:\WINDOWS\WinSxS\amd64_microsoft.windows.common-controls_6595b64144ccf1df_6.0.19041.1110_none_60b5254171f9507e\COMCTL32.dll
0x00007ffbb4060000 - 0x00007ffbb40fe000 	C:\WINDOWS\System32\msvcrt.dll
0x00007ffbb42f0000 - 0x00007ffbb4320000 	C:\WINDOWS\System32\IMM32.DLL
0x00007ffb8d2b0000 - 0x00007ffb8d34d000 	C:\Program Files\Android\Android Studio\jre\bin\msvcp140.dll
0x00007ffb7d310000 - 0x00007ffb7dde5000 	C:\Program Files\Android\Android Studio\jre\bin\server\jvm.dll
0x00007ffbb4230000 - 0x00007ffbb42dc000 	C:\WINDOWS\System32\ADVAPI32.dll
0x00007ffbb32c0000 - 0x00007ffbb335b000 	C:\WINDOWS\System32\sechost.dll
0x00007ffbb4100000 - 0x00007ffbb422a000 	C:\WINDOWS\System32\RPCRT4.dll
0x00007ffbb3420000 - 0x00007ffbb3428000 	C:\WINDOWS\System32\PSAPI.DLL
0x00007ffba7170000 - 0x00007ffba717a000 	C:\WINDOWS\SYSTEM32\VERSION.dll
0x00007ffba2810000 - 0x00007ffba2837000 	C:\WINDOWS\SYSTEM32\WINMM.dll
0x00007ffba0c40000 - 0x00007ffba0c49000 	C:\WINDOWS\SYSTEM32\WSOCK32.dll
0x00007ffbb2d20000 - 0x00007ffbb2d8b000 	C:\WINDOWS\System32\WS2_32.dll
0x00007ffbb01b0000 - 0x00007ffbb01c2000 	C:\WINDOWS\SYSTEM32\kernel.appcore.dll
0x00007ffba37a0000 - 0x00007ffba37b1000 	C:\Program Files\Android\Android Studio\jre\bin\verify.dll
0x00007ffb9f680000 - 0x00007ffb9f864000 	C:\WINDOWS\SYSTEM32\DBGHELP.DLL
0x00007ffb9fcc0000 - 0x00007ffb9fcec000 	C:\WINDOWS\SYSTEM32\dbgcore.DLL
0x00007ffbb2b90000 - 0x00007ffbb2c13000 	C:\WINDOWS\System32\bcryptPrimitives.dll
0x00007ffba3060000 - 0x00007ffba3089000 	C:\Program Files\Android\Android Studio\jre\bin\java.dll
0x00007ffbade10000 - 0x00007ffbade1b000 	C:\Program Files\Android\Android Studio\jre\bin\jimage.dll
0x00007ffba2d60000 - 0x00007ffba2d78000 	C:\Program Files\Android\Android Studio\jre\bin\zip.dll
0x00007ffbb3560000 - 0x00007ffbb3c9f000 	C:\WINDOWS\System32\SHELL32.dll
0x00007ffbb03b0000 - 0x00007ffbb0b40000 	C:\WINDOWS\SYSTEM32\windows.storage.dll
0x00007ffbb2f60000 - 0x00007ffbb32b5000 	C:\WINDOWS\System32\combase.dll
0x00007ffbb1b90000 - 0x00007ffbb1bbc000 	C:\WINDOWS\SYSTEM32\Wldp.dll
0x00007ffbb2d90000 - 0x00007ffbb2e3e000 	C:\WINDOWS\System32\SHCORE.dll
0x00007ffbb3f20000 - 0x00007ffbb3f75000 	C:\WINDOWS\System32\shlwapi.dll
0x00007ffbb2230000 - 0x00007ffbb224f000 	C:\WINDOWS\SYSTEM32\profapi.dll
0x00007ffba0df0000 - 0x00007ffba0e0a000 	C:\Program Files\Android\Android Studio\jre\bin\net.dll
0x00007ffba5a00000 - 0x00007ffba5b08000 	C:\WINDOWS\SYSTEM32\WINHTTP.dll
0x00007ffbb1970000 - 0x00007ffbb19da000 	C:\WINDOWS\system32\mswsock.dll
0x00007ffba0730000 - 0x00007ffba0744000 	C:\Program Files\Android\Android Studio\jre\bin\nio.dll
0x00007ffb9ed50000 - 0x00007ffb9ed77000 	C:\Users\Paris\.gradle\native\e1d6ef7f7dcc3fd88c89a11ec53ec762bb8ba0a96d01ffa2cd45eb1d1d8dd5c5\windows-amd64\native-platform.dll
0x00007ffb7eca0000 - 0x00007ffb7ede4000 	C:\Users\Paris\.gradle\native\5664cfc778a61ccfe75a443a1ab52a65af34e5dc3c78e0209fed803814484fcb\windows-amd64\native-platform-file-events.dll
0x00007ffbaddf0000 - 0x00007ffbaddfa000 	C:\Program Files\Android\Android Studio\jre\bin\management.dll
0x00007ffbabdd0000 - 0x00007ffbabddd000 	C:\Program Files\Android\Android Studio\jre\bin\management_ext.dll
0x00007ffbb1ed0000 - 0x00007ffbb1ee8000 	C:\WINDOWS\SYSTEM32\CRYPTSP.dll
0x00007ffbb1310000 - 0x00007ffbb1344000 	C:\WINDOWS\system32\rsaenh.dll
0x00007ffbb29a0000 - 0x00007ffbb29c7000 	C:\WINDOWS\System32\bcrypt.dll
0x00007ffbb21f0000 - 0x00007ffbb221e000 	C:\WINDOWS\SYSTEM32\USERENV.dll
0x00007ffbb1b00000 - 0x00007ffbb1b0c000 	C:\WINDOWS\SYSTEM32\CRYPTBASE.dll
0x00007ffbb1680000 - 0x00007ffbb16bb000 	C:\WINDOWS\SYSTEM32\IPHLPAPI.DLL
0x00007ffbb4380000 - 0x00007ffbb4388000 	C:\WINDOWS\System32\NSI.dll
0x00007ffba6fb0000 - 0x00007ffba6fc7000 	C:\WINDOWS\SYSTEM32\dhcpcsvc6.DLL
0x00007ffba77a0000 - 0x00007ffba77bd000 	C:\WINDOWS\SYSTEM32\dhcpcsvc.DLL
0x00007ffbb16c0000 - 0x00007ffbb178c000 	C:\WINDOWS\SYSTEM32\DNSAPI.dll

dbghelp: loaded successfully - version: 4.0.5 - missing functions: none
symbol engine: initialized successfully - sym options: 0x614 - pdb path: .;C:\Program Files\Android\Android Studio\jre\bin;C:\WINDOWS\SYSTEM32;C:\WINDOWS\WinSxS\amd64_microsoft.windows.common-controls_6595b64144ccf1df_6.0.19041.1110_none_60b5254171f9507e;C:\Program Files\Android\Android Studio\jre\bin\server;C:\Users\Paris\.gradle\native\e1d6ef7f7dcc3fd88c89a11ec53ec762bb8ba0a96d01ffa2cd45eb1d1d8dd5c5\windows-amd64;C:\Users\Paris\.gradle\native\5664cfc778a61ccfe75a443a1ab52a65af34e5dc3c78e0209fed803814484fcb\windows-amd64

VM Arguments:
jvm_args: --add-opens=java.base/java.util=ALL-UNNAMED --add-opens=java.base/java.lang=ALL-UNNAMED --add-opens=java.base/java.lang.invoke=ALL-UNNAMED --add-opens=java.base/java.util=ALL-UNNAMED --add-opens=java.prefs/java.util.prefs=ALL-UNNAMED --add-opens=java.prefs/java.util.prefs=ALL-UNNAMED --add-opens=java.base/java.nio.charset=ALL-UNNAMED --add-opens=java.base/java.net=ALL-UNNAMED --add-opens=java.base/java.util.concurrent.atomic=ALL-UNNAMED -Xmx2048m -Dfile.encoding=UTF-8 -Duser.country=US -Duser.language=en -Duser.variant 
java_command: org.gradle.launcher.daemon.bootstrap.GradleDaemon 7.2
java_class_path (initial): C:\Users\Paris\.gradle\wrapper\dists\gradle-7.2-bin\2dnblmf4td7x66yl1d74lt32g\gradle-7.2\lib\gradle-launcher-7.2.jar
Launcher Type: SUN_STANDARD

[Global flags]
     intx CICompilerCount                          = 3                                         {product} {ergonomic}
     uint ConcGCThreads                            = 1                                         {product} {ergonomic}
     uint G1ConcRefinementThreads                  = 4                                         {product} {ergonomic}
   size_t G1HeapRegionSize                         = 1048576                                   {product} {ergonomic}
    uintx GCDrainStackTargetSize                   = 64                                        {product} {ergonomic}
   size_t InitialHeapSize                          = 67108864                                  {product} {ergonomic}
   size_t MarkStackSize                            = 4194304                                   {product} {ergonomic}
   size_t MaxHeapSize                              = 2147483648                                {product} {command line}
   size_t MaxNewSize                               = 1287651328                                {product} {ergonomic}
   size_t MinHeapDeltaBytes                        = 1048576                                   {product} {ergonomic}
    uintx NonNMethodCodeHeapSize                   = 5830732                                {pd product} {ergonomic}
    uintx NonProfiledCodeHeapSize                  = 122913754                              {pd product} {ergonomic}
    uintx ProfiledCodeHeapSize                     = 122913754                              {pd product} {ergonomic}
    uintx ReservedCodeCacheSize                    = 251658240                              {pd product} {ergonomic}
     bool SegmentedCodeCache                       = true                                      {product} {ergonomic}
     bool UseCompressedClassPointers               = true                                 {lp64_product} {ergonomic}
     bool UseCompressedOops                        = true                                 {lp64_product} {ergonomic}
     bool UseG1GC                                  = true                                      {product} {ergonomic}
     bool UseLargePagesIndividualAllocation        = false                                  {pd product} {ergonomic}

Logging:
Log output configuration:
 #0: stdout all=warning uptime,level,tags
 #1: stderr all=off uptime,level,tags

Environment Variables:
PATH=C:\WINDOWS\system32;C:\WINDOWS;C:\WINDOWS\System32\Wbem;C:\WINDOWS\System32\WindowsPowerShell\v1.0\;C:\Program Files\Git\cmd;C:\WINDOWS\System32\OpenSSH\;C:\Program Files\nodejs\;C:\Program Files\PuTTY\;C:\Program Files\dotnet\;C:\Program Files (x86)\dotnet\;C:\Program Files (x86)\NVIDIA Corporation\PhysX\Common;C:\Program Files\NVIDIA Corporation\NVIDIA NvDLISR;C:\Program Files\Docker\Docker\resources\bin;C:\ProgramData\DockerDesktop\version-bin;C:\Program Files\Java\jdk-17.0.1\bin;C:\Program Files\Java\jre1.8.0_311\bin;C:\Users\Paris\AppData\Local\Android\Sdk\platform-tools;C:\Users\Paris\Downloads\apache-maven-3.8.4\bin;C:\Users\Paris\Downloads\sonar-scanner-4.6.2.2472-windows\bin;C:\ProgramData\chocolatey\bin;C:\ProgramData\chocolatey\lib\maven\apache-maven-3.8.4\bin;C:\Users\Paris\AppData\Local\Programs\Python\Python39\Scripts\;C:\Users\Paris\AppData\Local\Programs\Python\Python39\;C:\Users\Paris\AppData\Local\Programs\Microsoft VS Code\bin;C:\Users\Paris\AppData\Local\Microsoft\WindowsApps;C:\Users\Paris\AppData\Roaming\npm;C:\Program Files\nodejs;C:\Users\Paris\AppData\Local\Programs\Microsoft VS Code\bin;C:\Program Files\JetBrains\IntelliJ IDEA Community Edition 2021.3.2\bin;;C:\Users\Paris\Roaming\Python\Python39\site-packages\pipx;C:\Users\Paris\AppData\Local\Packages\PythonSoftwareFoundation.Python.3.9_qbz5n2kfra8p0\LocalCache\local-packages\Python39\Scripts;;C:\Users\Paris\AppData\Local\Programs\Microsoft VS Code\bin
USERNAME=Paris
OS=Windows_NT
PROCESSOR_IDENTIFIER=Intel64 Family 6 Model 58 Stepping 9, GenuineIntel



---------------  S Y S T E M  ---------------

OS: Windows 10 , 64 bit Build 19041 (10.0.19041.1202)
OS uptime: 35 days 11:09 hours
Hyper-V role detected

CPU:total 4 (initial active 4) (2 cores per cpu, 2 threads per core) family 6 model 58 stepping 9 microcode 0x21, cmov, cx8, fxsr, mmx, sse, sse2, sse3, ssse3, sse4.1, sse4.2, popcnt, avx, aes, clmul, erms, ht, tsc, tscinvbit, tscinv

Memory: 4k page, system-wide physical 4000M (297M free)
TotalPageFile size 16288M (AvailPageFile size 6M)
current process WorkingSet (physical memory assigned to process): 294M, peak: 462M
current process commit charge ("private bytes"): 552M, peak: 557M

vm_info: OpenJDK 64-Bit Server VM (11.0.11+9-b60-7590822) for windows-amd64 JRE (11.0.11+9-b60-7590822), built on Jul 29 2021 21:43:44 by "builder" with MS VC++ 14.0 (VS2015)

END.
